0:0:0:0:0:0:0:1 - - [11/May/2024:00:00:05 +0200] "POST /rest-api/api/v1/register HTTP/1.1" 201 317
0:0:0:0:0:0:0:1 - - [11/May/2024:00:00:16 +0200] "POST /rest-api/api/v1/client/orders HTTP/1.1" 403 -
0:0:0:0:0:0:0:1 - - [11/May/2024:00:00:33 +0200] "POST /rest-api/api/v1/register HTTP/1.1" 500 323
0:0:0:0:0:0:0:1 - - [11/May/2024:00:00:39 +0200] "POST /rest-api/api/v1/login HTTP/1.1" 200 307
0:0:0:0:0:0:0:1 - - [11/May/2024:00:00:57 +0200] "POST /rest-api/api/v1/client/orders HTTP/1.1" 201 156
0:0:0:0:0:0:0:1 - - [11/May/2024:00:01:10 +0200] "PUT /rest-api/api/v1/client/orders/1 HTTP/1.1" 500 32
0:0:0:0:0:0:0:1 - - [11/May/2024:00:22:35 +0200] "POST /rest-api/api/v1/register HTTP/1.1" 201 317
0:0:0:0:0:0:0:1 - - [11/May/2024:00:23:26 +0200] "POST /rest-api/api/v1/client/orders HTTP/1.1" 201 156
0:0:0:0:0:0:0:1 - - [11/May/2024:00:23:29 +0200] "PUT /rest-api/api/v1/client/orders/1 HTTP/1.1" 500 32
0:0:0:0:0:0:0:1 - - [11/May/2024:00:24:41 +0200] "POST /rest-api/api/v1/register HTTP/1.1" 201 317
0:0:0:0:0:0:0:1 - - [11/May/2024:00:24:52 +0200] "POST /rest-api/api/v1/login HTTP/1.1" 200 307
0:0:0:0:0:0:0:1 - - [11/May/2024:00:24:58 +0200] "POST /rest-api/api/v1/client/orders HTTP/1.1" 201 153
0:0:0:0:0:0:0:1 - - [11/May/2024:00:29:57 +0200] "PUT /rest-api/api/v1/client/orders/1 HTTP/1.1" 500 32
0:0:0:0:0:0:0:1 - - [11/May/2024:00:30:13 +0200] "POST /rest-api/api/v1/login HTTP/1.1" 500 204
0:0:0:0:0:0:0:1 - - [11/May/2024:00:30:17 +0200] "POST /rest-api/api/v1/register HTTP/1.1" 500 221
0:0:0:0:0:0:0:1 - - [11/May/2024:00:30:38 +0200] "POST /rest-api/api/v1/register HTTP/1.1" 500 221
0:0:0:0:0:0:0:1 - - [11/May/2024:00:31:04 +0200] "POST /rest-api/api/v1/register HTTP/1.1" 201 317
0:0:0:0:0:0:0:1 - - [11/May/2024:00:31:12 +0200] "POST /rest-api/api/v1/client/orders HTTP/1.1" 201 156
0:0:0:0:0:0:0:1 - - [11/May/2024:00:31:20 +0200] "PUT /rest-api/api/v1/client/orders/1 HTTP/1.1" 500 109
0:0:0:0:0:0:0:1 - - [11/May/2024:00:33:02 +0200] "POST /rest-api/api/v1/register HTTP/1.1" 201 317
0:0:0:0:0:0:0:1 - - [11/May/2024:00:33:11 +0200] "POST /rest-api/api/v1/client/orders HTTP/1.1" 201 156
0:0:0:0:0:0:0:1 - - [11/May/2024:00:33:15 +0200] "PUT /rest-api/api/v1/client/orders/1 HTTP/1.1" 201 158
0:0:0:0:0:0:0:1 - - [11/May/2024:00:41:23 +0200] "POST /rest-api/api/v1/register HTTP/1.1" 201 317
0:0:0:0:0:0:0:1 - - [11/May/2024:00:41:30 +0200] "POST /rest-api/api/v1/client/orders HTTP/1.1" 403 -
0:0:0:0:0:0:0:1 - - [11/May/2024:00:41:43 +0200] "POST /rest-api/api/v1/client/orders HTTP/1.1" 403 -
0:0:0:0:0:0:0:1 - - [11/May/2024:00:42:20 +0200] "POST /rest-api/api/v1/client/orders HTTP/1.1" 403 -
0:0:0:0:0:0:0:1 - - [11/May/2024:00:43:16 +0200] "POST /rest-api/api/v1/register HTTP/1.1" 201 317
0:0:0:0:0:0:0:1 - - [11/May/2024:00:43:25 +0200] "POST /rest-api/api/v1/client/orders HTTP/1.1" 201 156
0:0:0:0:0:0:0:1 - - [11/May/2024:00:43:30 +0200] "PUT /rest-api/api/v1/client/orders/1 HTTP/1.1" 201 158
0:0:0:0:0:0:0:1 - - [11/May/2024:01:19:54 +0200] "PUT /rest-api/api/v1/client/orders/1/submit HTTP/1.1" 400 155
0:0:0:0:0:0:0:1 - - [11/May/2024:01:20:23 +0200] "PUT /rest-api/api/v1/client/orders/1/submit HTTP/1.1" 500 210
0:0:0:0:0:0:0:1 - - [11/May/2024:12:00:57 +0200] "POST /rest-api/api/v1/register HTTP/1.1" 201 317
0:0:0:0:0:0:0:1 - - [11/May/2024:12:01:00 +0200] "POST /rest-api/api/v1/login HTTP/1.1" 200 307
0:0:0:0:0:0:0:1 - - [11/May/2024:12:01:10 +0200] "POST /rest-api/api/v1/client/orders HTTP/1.1" 201 156
0:0:0:0:0:0:0:1 - - [11/May/2024:12:01:15 +0200] "PUT /rest-api/api/v1/client/orders/1 HTTP/1.1" 200 158
0:0:0:0:0:0:0:1 - - [11/May/2024:12:01:24 +0200] "PUT /rest-api/api/v1/client/orders/1/cancel HTTP/1.1" 500 224
0:0:0:0:0:0:0:1 - - [11/May/2024:12:04:21 +0200] "PUT /rest-api/api/v1/client/orders/1/submit HTTP/1.1" 200 167
0:0:0:0:0:0:0:1 - - [11/May/2024:12:07:28 +0200] "GET /rest-api/api/v1/system/admin/users HTTP/1.1" 500 162
0:0:0:0:0:0:0:1 - - [11/May/2024:12:08:57 +0200] "GET /rest-api/api/v1/system/admin/users HTTP/1.1" 500 162
0:0:0:0:0:0:0:1 - - [11/May/2024:12:11:54 +0200] "GET /rest-api/api/v1/system/admin/users HTTP/1.1" 500 162
0:0:0:0:0:0:0:1 - - [11/May/2024:12:11:55 +0200] "GET /rest-api/api/v1/system/admin/users HTTP/1.1" 500 162
0:0:0:0:0:0:0:1 - - [11/May/2024:12:11:56 +0200] "GET /rest-api/api/v1/system/admin/users HTTP/1.1" 500 162
0:0:0:0:0:0:0:1 - - [11/May/2024:12:14:52 +0200] "GET /rest-api/api/v1/system/admin/users HTTP/1.1" 500 162
0:0:0:0:0:0:0:1 - - [11/May/2024:12:14:53 +0200] "GET /rest-api/api/v1/system/admin/users HTTP/1.1" 500 162
0:0:0:0:0:0:0:1 - - [11/May/2024:12:14:54 +0200] "GET /rest-api/api/v1/system/admin/users HTTP/1.1" 500 162
0:0:0:0:0:0:0:1 - - [11/May/2024:12:17:48 +0200] "GET /rest-api/api/v1/system/admin/users HTTP/1.1" 500 162
0:0:0:0:0:0:0:1 - - [11/May/2024:12:17:49 +0200] "GET /rest-api/api/v1/system/admin/users HTTP/1.1" 500 162
0:0:0:0:0:0:0:1 - - [11/May/2024:12:17:50 +0200] "GET /rest-api/api/v1/system/admin/users HTTP/1.1" 500 162
0:0:0:0:0:0:0:1 - - [11/May/2024:12:17:51 +0200] "GET /rest-api/api/v1/system/admin/users HTTP/1.1" 500 162
0:0:0:0:0:0:0:1 - - [11/May/2024:12:18:06 +0200] "GET /api/v1/system/admin/users HTTP/1.1" 404 683
0:0:0:0:0:0:0:1 - - [11/May/2024:12:22:11 +0200] "POST /rest-api/api/v1/login HTTP/1.1" 200 307
0:0:0:0:0:0:0:1 - - [11/May/2024:12:22:20 +0200] "GET /rest-api/api/v1/system/admin/users HTTP/1.1" 500 162
0:0:0:0:0:0:0:1 - - [11/May/2024:12:23:46 +0200] "POST /rest-api/api/v1/logout HTTP/1.1" 200 -
0:0:0:0:0:0:0:1 - - [11/May/2024:12:23:53 +0200] "POST /rest-api/api/v1/login HTTP/1.1" 200 307
0:0:0:0:0:0:0:1 - - [11/May/2024:12:24:16 +0200] "GET /rest-api/api/v1/system/admin/users HTTP/1.1" 500 162
0:0:0:0:0:0:0:1 - - [11/May/2024:12:24:23 +0200] "POST /rest-api/api/v1/logout HTTP/1.1" 200 -
0:0:0:0:0:0:0:1 - - [11/May/2024:12:28:01 +0200] "POST /rest-api/api/v1/login HTTP/1.1" 200 307
0:0:0:0:0:0:0:1 - - [11/May/2024:12:28:13 +0200] "GET /rest-api/api/v1/system/admin/users HTTP/1.1" 200 215530
0:0:0:0:0:0:0:1 - - [11/May/2024:12:29:37 +0200] "POST /rest-api/api/v1/login HTTP/1.1" 500 14
0:0:0:0:0:0:0:1 - - [11/May/2024:12:29:40 +0200] "POST /rest-api/api/v1/register HTTP/1.1" 201 317
0:0:0:0:0:0:0:1 - - [11/May/2024:12:29:43 +0200] "POST /rest-api/api/v1/login HTTP/1.1" 200 307
0:0:0:0:0:0:0:1 - - [11/May/2024:12:29:49 +0200] "GET /rest-api/api/v1/system/admin/users HTTP/1.1" 200 208298
0:0:0:0:0:0:0:1 - - [11/May/2024:13:12:28 +0200] "POST /rest-api/api/v1/login HTTP/1.1" 200 307
0:0:0:0:0:0:0:1 - - [11/May/2024:13:12:37 +0200] "GET /rest-api/api/v1/system/admin/users HTTP/1.1" 500 27
0:0:0:0:0:0:0:1 - - [11/May/2024:13:12:51 +0200] "GET /rest-api/api/v1/system/admin/users HTTP/1.1" 500 27
0:0:0:0:0:0:0:1 - - [11/May/2024:13:12:53 +0200] "GET /rest-api/api/v1/system/admin/users HTTP/1.1" 500 27
0:0:0:0:0:0:0:1 - - [11/May/2024:13:15:00 +0200] "POST /rest-api/api/v1/login HTTP/1.1" 200 307
0:0:0:0:0:0:0:1 - - [11/May/2024:13:15:06 +0200] "GET /rest-api/api/v1/system/admin/users HTTP/1.1" 500 27
0:0:0:0:0:0:0:1 - - [11/May/2024:13:19:38 +0200] "POST /rest-api/api/v1/login HTTP/1.1" 200 307
0:0:0:0:0:0:0:1 - - [11/May/2024:13:19:47 +0200] "GET /rest-api/api/v1/system/admin/users HTTP/1.1" 200 277
0:0:0:0:0:0:0:1 - - [11/May/2024:13:21:17 +0200] "GET /rest-api/api/v1/system/admin/users/manager HTTP/1.1" 200 235
0:0:0:0:0:0:0:1 - - [11/May/2024:13:23:32 +0200] "PUT /rest-api/api/v1/system/admin/users/manager HTTP/1.1" 405 174
0:0:0:0:0:0:0:1 - - [11/May/2024:13:24:28 +0200] "POST /rest-api/api/v1/login HTTP/1.1" 200 307
0:0:0:0:0:0:0:1 - - [11/May/2024:13:24:52 +0200] "POST /rest-api/api/v1/system/admin/users/manager HTTP/1.1" 405 175
0:0:0:0:0:0:0:1 - - [11/May/2024:13:25:00 +0200] "PUT /rest-api/api/v1/system/admin/users/manager HTTP/1.1" 200 169
0:0:0:0:0:0:0:1 - - [11/May/2024:13:28:24 +0200] "POST /rest-api/api/v1/register HTTP/1.1" 201 317
0:0:0:0:0:0:0:1 - - [11/May/2024:13:28:29 +0200] "DELETE /rest-api/api/v1/system/admin/users/gersi HTTP/1.1" 200 163
0:0:0:0:0:0:0:1 - - [11/May/2024:13:29:06 +0200] "GET /rest-api/api/v1/system/admin/users/manager HTTP/1.1" 200 235
0:0:0:0:0:0:0:1 - - [11/May/2024:13:29:10 +0200] "PUT /rest-api/api/v1/system/admin/users/manager HTTP/1.1" 200 169
0:0:0:0:0:0:0:1 - - [11/May/2024:13:29:12 +0200] "DELETE /rest-api/api/v1/system/admin/users/gersi HTTP/1.1" 500 208
0:0:0:0:0:0:0:1 - - [11/May/2024:13:37:49 +0200] "POST /rest-api/api/v1/register HTTP/1.1" 201 317
0:0:0:0:0:0:0:1 - - [11/May/2024:13:38:03 +0200] "POST /rest-api/api/v1/client/orders HTTP/1.1" 201 156
0:0:0:0:0:0:0:1 - - [11/May/2024:13:40:34 +0200] "POST /rest-api/api/v1/login HTTP/1.1" 500 15
0:0:0:0:0:0:0:1 - - [11/May/2024:13:41:44 +0200] "POST /rest-api/api/v1/login HTTP/1.1" 200 309
0:0:0:0:0:0:0:1 - - [11/May/2024:13:45:14 +0200] "POST /rest-api/api/v1/register HTTP/1.1" 500 216
0:0:0:0:0:0:0:1 - - [11/May/2024:13:45:40 +0200] "GET /rest-api/api/v1/management/orders?status=CREATED HTTP/1.1" 200 213
0:0:0:0:0:0:0:1 - - [11/May/2024:13:47:49 +0200] "PUT /rest-api/api/v1/client/orders/1/submit HTTP/1.1" 200 167
0:0:0:0:0:0:0:1 - - [11/May/2024:13:47:56 +0200] "GET /rest-api/api/v1/management/orders?status=CREATED HTTP/1.1" 200 184
0:0:0:0:0:0:0:1 - - [11/May/2024:13:59:50 +0200] "GET /rest-api/api/v1/management/orders?status=AWAITING_APPROVAL HTTP/1.1" 200 255
0:0:0:0:0:0:0:1 - - [11/May/2024:14:07:21 +0200] "GET /rest-api/api/v1/management/orders/1 HTTP/1.1" 200 252
0:0:0:0:0:0:0:1 - - [11/May/2024:14:09:37 +0200] "POST /rest-api/api/v1/management/orders/1/approve HTTP/1.1" 200 170
0:0:0:0:0:0:0:1 - - [11/May/2024:14:09:48 +0200] "GET /rest-api/api/v1/management/orders?status=AWAITING_APPROVAL HTTP/1.1" 200 184
0:0:0:0:0:0:0:1 - - [11/May/2024:14:13:12 +0200] "PUT /rest-api/api/v1/management/orders/1/decline HTTP/1.1" 200 170
0:0:0:0:0:0:0:1 - - [11/May/2024:14:15:41 +0200] "PUT /rest-api/api/v1/management/orders/1/fulfill HTTP/1.1" 500 210
0:0:0:0:0:0:0:1 - - [11/May/2024:14:16:15 +0200] "GET /rest-api/api/v1/management/orders/1 HTTP/1.1" 500 210
0:0:0:0:0:0:0:1 - - [11/May/2024:14:16:40 +0200] "POST /rest-api/api/v1/login HTTP/1.1" 200 309
0:0:0:0:0:0:0:1 - - [11/May/2024:14:17:01 +0200] "PUT /rest-api/api/v1/management/orders/1/fulfill HTTP/1.1" 500 210
0:0:0:0:0:0:0:1 - - [11/May/2024:14:18:06 +0200] "POST /rest-api/api/v1/client/orders HTTP/1.1" 500 5136
0:0:0:0:0:0:0:1 - - [11/May/2024:14:18:15 +0200] "POST /rest-api/api/v1/register HTTP/1.1" 201 317
0:0:0:0:0:0:0:1 - - [11/May/2024:14:18:26 +0200] "POST /rest-api/api/v1/client/orders HTTP/1.1" 201 156
0:0:0:0:0:0:0:1 - - [11/May/2024:14:18:41 +0200] "PUT /rest-api/api/v1/management/orders/1/fulfill HTTP/1.1" 200 172
0:0:0:0:0:0:0:1 - - [11/May/2024:14:20:58 +0200] "GET /rest-api/api/v1/management/items HTTP/1.1" 200 440
0:0:0:0:0:0:0:1 - - [11/May/2024:14:24:31 +0200] "GET /rest-api/api/v1/management/items/1 HTTP/1.1" 200 242
0:0:0:0:0:0:0:1 - - [11/May/2024:14:28:49 +0200] "POST /rest-api/api/v1/management/items HTTP/1.1" 201 155
0:0:0:0:0:0:0:1 - - [11/May/2024:14:31:26 +0200] "POST /rest-api/api/v1/login HTTP/1.1" 200 306
0:0:0:0:0:0:0:1 - - [11/May/2024:14:33:17 +0200] "PUT /rest-api/api/v1/management/items/1 HTTP/1.1" 200 160
0:0:0:0:0:0:0:1 - - [11/May/2024:14:34:17 +0200] "DELETE /rest-api/api/v1/management/items/1 HTTP/1.1" 200 160
0:0:0:0:0:0:0:1 - - [11/May/2024:14:34:47 +0200] "GET /rest-api/api/v1/management/items HTTP/1.1" 200 375
0:0:0:0:0:0:0:1 - - [11/May/2024:14:38:14 +0200] "POST /rest-api/api/v1/register HTTP/1.1" 201 317
0:0:0:0:0:0:0:1 - - [11/May/2024:14:38:24 +0200] "GET /rest-api/api/v1/system/admin/users HTTP/1.1" 200 314
0:0:0:0:0:0:0:1 - - [11/May/2024:14:38:35 +0200] "GET /rest-api/api/v1/system/admin/users HTTP/1.1" 200 314
0:0:0:0:0:0:0:1 - - [11/May/2024:14:38:36 +0200] "GET /rest-api/api/v1/system/admin/users HTTP/1.1" 200 314
0:0:0:0:0:0:0:1 - - [11/May/2024:14:39:23 +0200] "POST /rest-api/api/v1/login HTTP/1.1" 200 309
0:0:0:0:0:0:0:1 - - [11/May/2024:14:41:27 +0200] "POST /rest-api/api/v1/management/trucks HTTP/1.1" 201 157
0:0:0:0:0:0:0:1 - - [11/May/2024:14:45:58 +0200] "PUT /rest-api/api/v1/management/trucks/KL273I HTTP/1.1" 200 167
0:0:0:0:0:0:0:1 - - [11/May/2024:14:46:49 +0200] "GET /rest-api/api/v1/management/trucks HTTP/1.1" 200 309
0:0:0:0:0:0:0:1 - - [11/May/2024:14:50:50 +0200] "POST /rest-api/api/v1/login HTTP/1.1" 200 306
0:0:0:0:0:0:0:1 - - [11/May/2024:14:51:12 +0200] "POST /rest-api/api/v1/management/trucks HTTP/1.1" 500 5615
0:0:0:0:0:0:0:1 - - [11/May/2024:14:51:31 +0200] "POST /rest-api/api/v1/management/trucks HTTP/1.1" 500 5615
0:0:0:0:0:0:0:1 - - [11/May/2024:14:51:47 +0200] "POST /rest-api/api/v1/login HTTP/1.1" 200 309
0:0:0:0:0:0:0:1 - - [11/May/2024:14:51:57 +0200] "POST /rest-api/api/v1/login HTTP/1.1" 200 309
0:0:0:0:0:0:0:1 - - [11/May/2024:14:52:02 +0200] "POST /rest-api/api/v1/management/trucks HTTP/1.1" 500 5615
0:0:0:0:0:0:0:1 - - [11/May/2024:14:52:28 +0200] "POST /rest-api/api/v1/login HTTP/1.1" 200 306
0:0:0:0:0:0:0:1 - - [11/May/2024:14:52:38 +0200] "POST /rest-api/api/v1/management/trucks HTTP/1.1" 201 160
0:0:0:0:0:0:0:1 - - [11/May/2024:14:52:42 +0200] "PUT /rest-api/api/v1/management/trucks/KL273I HTTP/1.1" 200 164
0:0:0:0:0:0:0:1 - - [11/May/2024:14:52:47 +0200] "GET /rest-api/api/v1/management/trucks HTTP/1.1" 200 241
0:0:0:0:0:0:0:1 - - [11/May/2024:14:54:13 +0200] "GET /rest-api/api/v1/management/trucks/1 HTTP/1.1" 500 210
0:0:0:0:0:0:0:1 - - [11/May/2024:14:54:30 +0200] "GET /rest-api/api/v1/management/trucks/KL HTTP/1.1" 200 238
0:0:0:0:0:0:0:1 - - [11/May/2024:14:56:37 +0200] "DELETE /rest-api/api/v1/management/trucks/KL HTTP/1.1" 200 163
0:0:0:0:0:0:0:1 - - [11/May/2024:14:56:43 +0200] "GET /rest-api/api/v1/management/trucks HTTP/1.1" 200 185
0:0:0:0:0:0:0:1 - - [11/May/2024:14:56:47 +0200] "GET /rest-api/api/v1/management/trucks/KL HTTP/1.1" 500 210
0:0:0:0:0:0:0:1 - - [11/May/2024:15:01:21 +0200] "POST /rest-api/api/v1/management/trucks HTTP/1.1" 201 160
0:0:0:0:0:0:0:1 - - [11/May/2024:15:02:29 +0200] "POST /rest-api/api/v1/register HTTP/1.1" 201 317
0:0:0:0:0:0:0:1 - - [11/May/2024:15:02:40 +0200] "POST /rest-api/api/v1/client/orders/1 HTTP/1.1" 405 164
0:0:0:0:0:0:0:1 - - [11/May/2024:15:02:48 +0200] "POST /rest-api/api/v1/client/orders/1 HTTP/1.1" 405 164
0:0:0:0:0:0:0:1 - - [11/May/2024:15:02:56 +0200] "POST /rest-api/api/v1/logout HTTP/1.1" 200 -
0:0:0:0:0:0:0:1 - - [11/May/2024:15:03:01 +0200] "POST /rest-api/api/v1/client/orders/1 HTTP/1.1" 405 164
0:0:0:0:0:0:0:1 - - [11/May/2024:15:03:02 +0200] "POST /rest-api/api/v1/client/orders/1 HTTP/1.1" 405 164
0:0:0:0:0:0:0:1 - - [11/May/2024:15:03:24 +0200] "POST /rest-api/api/v1/login HTTP/1.1" 200 307
0:0:0:0:0:0:0:1 - - [11/May/2024:15:03:28 +0200] "POST /rest-api/api/v1/client/orders/1 HTTP/1.1" 405 164
0:0:0:0:0:0:0:1 - - [11/May/2024:15:03:29 +0200] "POST /rest-api/api/v1/client/orders/1 HTTP/1.1" 405 164
0:0:0:0:0:0:0:1 - - [11/May/2024:15:03:30 +0200] "POST /rest-api/api/v1/client/orders/1 HTTP/1.1" 405 164
0:0:0:0:0:0:0:1 - - [11/May/2024:15:03:43 +0200] "POST /rest-api/api/v1/login HTTP/1.1" 500 14
0:0:0:0:0:0:0:1 - - [11/May/2024:15:03:47 +0200] "POST /rest-api/api/v1/register HTTP/1.1" 201 317
0:0:0:0:0:0:0:1 - - [11/May/2024:15:03:56 +0200] "POST /rest-api/api/v1/client/orders/1 HTTP/1.1" 405 164
0:0:0:0:0:0:0:1 - - [11/May/2024:15:04:53 +0200] "POST /rest-api/api/v1/client/orders HTTP/1.1" 201 153
0:0:0:0:0:0:0:1 - - [11/May/2024:15:04:58 +0200] "POST /rest-api/api/v1/management/trucks HTTP/1.1" 201 160
0:0:0:0:0:0:0:1 - - [11/May/2024:15:05:04 +0200] "POST /rest-api/api/v1/management/deliveries/schedule HTTP/1.1" 500 177
0:0:0:0:0:0:0:1 - - [11/May/2024:15:05:49 +0200] "POST /rest-api/api/v1/management/deliveries/schedule HTTP/1.1" 500 283
0:0:0:0:0:0:0:1 - - [11/May/2024:15:06:13 +0200] "POST /rest-api/api/v1/management/deliveries/schedule HTTP/1.1" 500 283
0:0:0:0:0:0:0:1 - - [11/May/2024:15:06:51 +0200] "PUT /rest-api/api/v1/client/orders/1/submit HTTP/1.1" 200 167
0:0:0:0:0:0:0:1 - - [11/May/2024:15:06:57 +0200] "PUT /rest-api/api/v1/management/orders/1/approve HTTP/1.1" 200 170
0:0:0:0:0:0:0:1 - - [11/May/2024:15:07:03 +0200] "POST /rest-api/api/v1/management/deliveries/schedule HTTP/1.1" 201 180
0:0:0:0:0:0:0:1 - - [11/May/2024:15:07:56 +0200] "GET /rest-api/api/v1/system/admin/users HTTP/1.1" 200 314
0:0:0:0:0:0:0:1 - - [11/May/2024:15:15:16 +0200] "POST /rest-api/api/v1/register HTTP/1.1" 201 317
0:0:0:0:0:0:0:1 - - [11/May/2024:15:15:30 +0200] "GET /rest-api/api/v1/system/admin/users HTTP/1.1" 200 314
0:0:0:0:0:0:0:1 - - [11/May/2024:15:47:28 +0200] "POST /rest-api/api/v1/register HTTP/1.1" 201 317
0:0:0:0:0:0:0:1 - - [11/May/2024:15:47:49 +0200] "GET /rest-api/api/v1/system/admin/users HTTP/1.1" 200 314
0:0:0:0:0:0:0:1 - - [11/May/2024:15:47:51 +0200] "GET /rest-api/api/v1/system/admin/users HTTP/1.1" 200 314
0:0:0:0:0:0:0:1 - - [11/May/2024:15:48:07 +0200] "GET /rest-api/api/v1/system/admin/users HTTP/1.1" 200 314
0:0:0:0:0:0:0:1 - - [11/May/2024:15:59:02 +0200] "POST /rest-api/api/v1/register HTTP/1.1" 201 317
0:0:0:0:0:0:0:1 - - [11/May/2024:15:59:17 +0200] "POST /rest-api/api/v1/login HTTP/1.1" 200 307
0:0:0:0:0:0:0:1 - - [11/May/2024:15:59:41 +0200] "GET /rest-api/api/v1/system/admin/users HTTP/1.1" 401 17
0:0:0:0:0:0:0:1 - - [11/May/2024:15:59:46 +0200] "GET /rest-api/api/v1/system/admin/users HTTP/1.1" 401 17
0:0:0:0:0:0:0:1 - - [11/May/2024:15:59:57 +0200] "POST /rest-api/api/v1/login HTTP/1.1" 401 17
0:0:0:0:0:0:0:1 - - [11/May/2024:16:00:05 +0200] "POST /rest-api/api/v1/login HTTP/1.1" 401 17
0:0:0:0:0:0:0:1 - - [11/May/2024:16:00:17 +0200] "POST /rest-api/api/v1/logout HTTP/1.1" 200 -
0:0:0:0:0:0:0:1 - - [11/May/2024:16:00:22 +0200] "POST /rest-api/api/v1/login HTTP/1.1" 401 17
0:0:0:0:0:0:0:1 - - [11/May/2024:16:00:23 +0200] "POST /rest-api/api/v1/login HTTP/1.1" 401 17
0:0:0:0:0:0:0:1 - - [11/May/2024:16:00:24 +0200] "POST /rest-api/api/v1/login HTTP/1.1" 401 17
0:0:0:0:0:0:0:1 - - [11/May/2024:16:02:56 +0200] "POST /rest-api/api/v1/login HTTP/1.1" 200 307
0:0:0:0:0:0:0:1 - - [11/May/2024:16:03:02 +0200] "POST /rest-api/api/v1/login HTTP/1.1" 401 17
0:0:0:0:0:0:0:1 - - [11/May/2024:16:03:03 +0200] "POST /rest-api/api/v1/login HTTP/1.1" 401 17
0:0:0:0:0:0:0:1 - - [11/May/2024:16:03:04 +0200] "POST /rest-api/api/v1/login HTTP/1.1" 401 17
0:0:0:0:0:0:0:1 - - [11/May/2024:16:03:13 +0200] "POST /rest-api/api/v1/login HTTP/1.1" 200 309
0:0:0:0:0:0:0:1 - - [11/May/2024:16:03:30 +0200] "GET /rest-api/api/v1/system/admin/users HTTP/1.1" 500 13
0:0:0:0:0:0:0:1 - - [11/May/2024:16:03:47 +0200] "GET /rest-api/api/v1/system/admin/users HTTP/1.1" 500 13
0:0:0:0:0:0:0:1 - - [11/May/2024:16:03:48 +0200] "GET /rest-api/api/v1/system/admin/users HTTP/1.1" 500 13
0:0:0:0:0:0:0:1 - - [11/May/2024:16:03:53 +0200] "POST /rest-api/api/v1/login HTTP/1.1" 200 307
0:0:0:0:0:0:0:1 - - [11/May/2024:16:04:13 +0200] "POST /rest-api/api/v1/management/trucks HTTP/1.1" 201 160
0:0:0:0:0:0:0:1 - - [11/May/2024:16:09:37 +0200] "POST /rest-api/api/v1/login HTTP/1.1" 200 309
0:0:0:0:0:0:0:1 - - [11/May/2024:16:09:46 +0200] "GET /rest-api/api/v1/system/admin/users HTTP/1.1" 500 13
0:0:0:0:0:0:0:1 - - [11/May/2024:16:20:03 +0200] "POST /rest-api/api/v1/login HTTP/1.1" 200 307
0:0:0:0:0:0:0:1 - - [11/May/2024:16:20:14 +0200] "POST /rest-api/api/v1/management/trucks HTTP/1.1" 500 13
0:0:0:0:0:0:0:1 - - [11/May/2024:16:20:21 +0200] "POST /rest-api/api/v1/login HTTP/1.1" 200 309
0:0:0:0:0:0:0:1 - - [11/May/2024:16:20:49 +0200] "POST /rest-api/api/v1/management/trucks HTTP/1.1" 500 13
0:0:0:0:0:0:0:1 - - [11/May/2024:16:21:06 +0200] "POST /rest-api/api/v1/login HTTP/1.1" 200 309
0:0:0:0:0:0:0:1 - - [11/May/2024:16:21:22 +0200] "POST /rest-api/api/v1/management/trucks HTTP/1.1" 500 13
0:0:0:0:0:0:0:1 - - [11/May/2024:16:21:25 +0200] "POST /rest-api/api/v1/management/trucks HTTP/1.1" 500 13
0:0:0:0:0:0:0:1 - - [11/May/2024:16:21:27 +0200] "POST /rest-api/api/v1/management/trucks HTTP/1.1" 500 13
0:0:0:0:0:0:0:1 - - [11/May/2024:16:22:24 +0200] "POST /rest-api/api/v1/management/trucks HTTP/1.1" 500 13
0:0:0:0:0:0:0:1 - - [11/May/2024:16:22:25 +0200] "POST /rest-api/api/v1/management/trucks HTTP/1.1" 500 13
0:0:0:0:0:0:0:1 - - [11/May/2024:16:22:34 +0200] "POST /rest-api/api/v1/login HTTP/1.1" 500 5136
0:0:0:0:0:0:0:1 - - [11/May/2024:16:22:40 +0200] "POST /rest-api/api/v1/login HTTP/1.1" 500 5136
0:0:0:0:0:0:0:1 - - [11/May/2024:16:23:10 +0200] "POST /rest-api/api/v1/login HTTP/1.1" 200 309
0:0:0:0:0:0:0:1 - - [11/May/2024:16:23:28 +0200] "POST /rest-api/api/v1/management/trucks HTTP/1.1" 500 13
0:0:0:0:0:0:0:1 - - [11/May/2024:16:23:50 +0200] "POST /rest-api/api/v1/login HTTP/1.1" 500 14
0:0:0:0:0:0:0:1 - - [11/May/2024:16:23:54 +0200] "POST /rest-api/api/v1/register HTTP/1.1" 201 317
0:0:0:0:0:0:0:1 - - [11/May/2024:16:24:05 +0200] "GET /rest-api/api/v1/demo HTTP/1.1" 200 20
0:0:0:0:0:0:0:1 - - [11/May/2024:16:24:18 +0200] "POST /rest-api/api/v1/client/orders HTTP/1.1" 201 156
0:0:0:0:0:0:0:1 - - [11/May/2024:16:24:25 +0200] "GET /rest-api/api/v1/system/admin/users HTTP/1.1" 500 13
0:0:0:0:0:0:0:1 - - [11/May/2024:16:24:38 +0200] "POST /rest-api/api/v1/management/trucks HTTP/1.1" 500 13
0:0:0:0:0:0:0:1 - - [11/May/2024:16:24:57 +0200] "POST /rest-api/api/v1/login HTTP/1.1" 200 306
0:0:0:0:0:0:0:1 - - [11/May/2024:16:25:07 +0200] "POST /rest-api/api/v1/client/orders HTTP/1.1" 201 156
0:0:0:0:0:0:0:1 - - [11/May/2024:16:25:30 +0200] "GET /rest-api/api/v1/management/orders/1 HTTP/1.1" 500 13
0:0:0:0:0:0:0:1 - - [11/May/2024:16:25:31 +0200] "GET /rest-api/api/v1/management/orders/1 HTTP/1.1" 500 13
0:0:0:0:0:0:0:1 - - [11/May/2024:16:25:36 +0200] "POST /rest-api/api/v1/login HTTP/1.1" 200 309
0:0:0:0:0:0:0:1 - - [11/May/2024:16:25:38 +0200] "POST /rest-api/api/v1/login HTTP/1.1" 200 309
0:0:0:0:0:0:0:1 - - [11/May/2024:16:25:53 +0200] "GET /rest-api/api/v1/management/orders/1 HTTP/1.1" 500 13
0:0:0:0:0:0:0:1 - - [11/May/2024:16:25:54 +0200] "GET /rest-api/api/v1/management/orders/1 HTTP/1.1" 500 13
0:0:0:0:0:0:0:1 - - [11/May/2024:16:27:10 +0200] "GET /rest-api/api/v1/system/admin/users HTTP/1.1" 500 13
0:0:0:0:0:0:0:1 - - [11/May/2024:16:27:29 +0200] "GET /rest-api/api/v1/system/admin/users/manager HTTP/1.1" 500 13
0:0:0:0:0:0:0:1 - - [11/May/2024:16:27:41 +0200] "PUT /rest-api/api/v1/system/admin/users/manager HTTP/1.1" 500 13
0:0:0:0:0:0:0:1 - - [11/May/2024:16:27:53 +0200] "POST /rest-api/api/v1/register HTTP/1.1" 500 216
0:0:0:0:0:0:0:1 - - [11/May/2024:16:28:15 +0200] "DELETE /rest-api/api/v1/system/admin/users/gersi HTTP/1.1" 500 13
0:0:0:0:0:0:0:1 - - [11/May/2024:16:28:20 +0200] "POST /rest-api/api/v1/login HTTP/1.1" 200 304
0:0:0:0:0:0:0:1 - - [11/May/2024:16:28:27 +0200] "GET /rest-api/api/v1/system/admin/users HTTP/1.1" 500 13
0:0:0:0:0:0:0:1 - - [11/May/2024:16:28:29 +0200] "GET /rest-api/api/v1/system/admin/users HTTP/1.1" 500 13
0:0:0:0:0:0:0:1 - - [11/May/2024:16:28:39 +0200] "GET /rest-api/api/v1/system/admin/users HTTP/1.1" 500 13
0:0:0:0:0:0:0:1 - - [11/May/2024:16:28:45 +0200] "POST /rest-api/api/v1/login HTTP/1.1" 200 307
0:0:0:0:0:0:0:1 - - [11/May/2024:16:28:54 +0200] "GET /rest-api/api/v1/system/admin/users HTTP/1.1" 500 13
0:0:0:0:0:0:0:1 - - [11/May/2024:16:28:55 +0200] "GET /rest-api/api/v1/system/admin/users HTTP/1.1" 500 13
0:0:0:0:0:0:0:1 - - [11/May/2024:16:28:56 +0200] "GET /rest-api/api/v1/system/admin/users HTTP/1.1" 500 13
0:0:0:0:0:0:0:1 - - [11/May/2024:16:28:56 +0200] "GET /rest-api/api/v1/system/admin/users HTTP/1.1" 500 13
0:0:0:0:0:0:0:1 - - [11/May/2024:16:28:57 +0200] "GET /rest-api/api/v1/system/admin/users HTTP/1.1" 500 13
0:0:0:0:0:0:0:1 - - [11/May/2024:16:30:30 +0200] "POST /rest-api/api/v1/register HTTP/1.1" 201 317
0:0:0:0:0:0:0:1 - - [11/May/2024:16:30:35 +0200] "POST /rest-api/api/v1/login HTTP/1.1" 200 309
0:0:0:0:0:0:0:1 - - [11/May/2024:16:30:46 +0200] "GET /rest-api/api/v1/system/admin/users HTTP/1.1" 500 13
0:0:0:0:0:0:0:1 - - [11/May/2024:16:30:51 +0200] "GET /rest-api/api/v1/system/admin/users/manager HTTP/1.1" 500 13
0:0:0:0:0:0:0:1 - - [11/May/2024:16:30:57 +0200] "PUT /rest-api/api/v1/system/admin/users/manager HTTP/1.1" 500 13
0:0:0:0:0:0:0:1 - - [11/May/2024:16:31:01 +0200] "DELETE /rest-api/api/v1/system/admin/users/gersi HTTP/1.1" 500 13
0:0:0:0:0:0:0:1 - - [11/May/2024:16:31:11 +0200] "POST /rest-api/api/v1/login HTTP/1.1" 200 307
0:0:0:0:0:0:0:1 - - [11/May/2024:16:31:20 +0200] "GET /rest-api/api/v1/system/admin/users HTTP/1.1" 200 314
0:0:0:0:0:0:0:1 - - [11/May/2024:16:35:29 +0200] "POST /rest-api/api/v1/login HTTP/1.1" 200 309
0:0:0:0:0:0:0:1 - - [11/May/2024:16:35:42 +0200] "GET /rest-api/api/v1/system/admin/users HTTP/1.1" 500 13
0:0:0:0:0:0:0:1 - - [11/May/2024:16:35:47 +0200] "GET /rest-api/api/v1/system/admin/users/manager HTTP/1.1" 500 13
0:0:0:0:0:0:0:1 - - [11/May/2024:16:35:51 +0200] "PUT /rest-api/api/v1/system/admin/users/manager HTTP/1.1" 500 13
0:0:0:0:0:0:0:1 - - [11/May/2024:16:35:55 +0200] "DELETE /rest-api/api/v1/system/admin/users/gersi HTTP/1.1" 500 13
0:0:0:0:0:0:0:1 - - [11/May/2024:16:36:11 +0200] "POST /rest-api/api/v1/login HTTP/1.1" 200 307
0:0:0:0:0:0:0:1 - - [11/May/2024:16:36:19 +0200] "GET /rest-api/api/v1/system/admin/users HTTP/1.1" 500 13
0:0:0:0:0:0:0:1 - - [11/May/2024:16:36:20 +0200] "GET /rest-api/api/v1/system/admin/users HTTP/1.1" 500 13
0:0:0:0:0:0:0:1 - - [11/May/2024:16:36:21 +0200] "GET /rest-api/api/v1/system/admin/users HTTP/1.1" 500 13
0:0:0:0:0:0:0:1 - - [11/May/2024:16:36:22 +0200] "GET /rest-api/api/v1/system/admin/users HTTP/1.1" 500 13
0:0:0:0:0:0:0:1 - - [11/May/2024:16:36:23 +0200] "GET /rest-api/api/v1/system/admin/users HTTP/1.1" 500 13
0:0:0:0:0:0:0:1 - - [11/May/2024:16:36:28 +0200] "GET /rest-api/api/v1/system/admin/users/manager HTTP/1.1" 500 13
0:0:0:0:0:0:0:1 - - [11/May/2024:16:36:32 +0200] "POST /rest-api/api/v1/login HTTP/1.1" 200 304
0:0:0:0:0:0:0:1 - - [11/May/2024:16:36:40 +0200] "GET /rest-api/api/v1/system/admin/users HTTP/1.1" 500 13
0:0:0:0:0:0:0:1 - - [11/May/2024:16:39:14 +0200] "GET /rest-api/api/v1/system/admin/users HTTP/1.1" 500 13
0:0:0:0:0:0:0:1 - - [11/May/2024:16:39:42 +0200] "GET /rest-api/api/v1/system/admin/users HTTP/1.1" 401 17
0:0:0:0:0:0:0:1 - - [11/May/2024:16:39:50 +0200] "POST /rest-api/api/v1/login HTTP/1.1" 200 307
0:0:0:0:0:0:0:1 - - [11/May/2024:16:39:58 +0200] "GET /rest-api/api/v1/system/admin/users HTTP/1.1" 500 13
0:0:0:0:0:0:0:1 - - [11/May/2024:16:41:03 +0200] "GET /rest-api/api/v1/system/admin/users HTTP/1.1" 500 13
0:0:0:0:0:0:0:1 - - [11/May/2024:16:42:06 +0200] "GET /rest-api/api/v1/system/admin/users HTTP/1.1" 500 13
0:0:0:0:0:0:0:1 - - [11/May/2024:16:42:12 +0200] "GET /rest-api/api/v1/system/admin/users HTTP/1.1" 500 13
0:0:0:0:0:0:0:1 - - [11/May/2024:16:49:12 +0200] "POST /rest-api/api/v1/login HTTP/1.1" 200 309
0:0:0:0:0:0:0:1 - - [11/May/2024:16:49:20 +0200] "GET /rest-api/api/v1/system/admin/users HTTP/1.1" 500 13
0:0:0:0:0:0:0:1 - - [11/May/2024:16:49:24 +0200] "POST /rest-api/api/v1/login HTTP/1.1" 200 304
0:0:0:0:0:0:0:1 - - [11/May/2024:16:49:32 +0200] "GET /rest-api/api/v1/system/admin/users HTTP/1.1" 500 13
0:0:0:0:0:0:0:1 - - [11/May/2024:16:49:33 +0200] "GET /rest-api/api/v1/system/admin/users HTTP/1.1" 500 13
0:0:0:0:0:0:0:1 - - [11/May/2024:16:49:34 +0200] "GET /rest-api/api/v1/system/admin/users HTTP/1.1" 500 13
0:0:0:0:0:0:0:1 - - [11/May/2024:16:52:54 +0200] "POST /rest-api/api/v1/login HTTP/1.1" 200 304
0:0:0:0:0:0:0:1 - - [11/May/2024:16:53:02 +0200] "GET /rest-api/api/v1/system/admin/users HTTP/1.1" 500 13
0:0:0:0:0:0:0:1 - - [11/May/2024:17:18:51 +0200] "POST /rest-api/api/v1/login HTTP/1.1" 200 307
0:0:0:0:0:0:0:1 - - [11/May/2024:17:47:19 +0200] "POST /rest-api/api/v1/register HTTP/1.1" 201 317
0:0:0:0:0:0:0:1 - - [11/May/2024:17:47:28 +0200] "POST /rest-api/api/v1/login HTTP/1.1" 500 5075
0:0:0:0:0:0:0:1 - - [11/May/2024:17:47:36 +0200] "POST /rest-api/api/v1/login HTTP/1.1" 500 102
0:0:0:0:0:0:0:1 - - [11/May/2024:17:48:02 +0200] "POST /rest-api/api/v1/register HTTP/1.1" 201 317
0:0:0:0:0:0:0:1 - - [11/May/2024:17:48:11 +0200] "POST /rest-api/api/v1/login HTTP/1.1" 500 102
0:0:0:0:0:0:0:1 - - [11/May/2024:17:50:26 +0200] "POST /rest-api/api/v1/login HTTP/1.1" 500 14
0:0:0:0:0:0:0:1 - - [11/May/2024:17:50:30 +0200] "POST /rest-api/api/v1/register HTTP/1.1" 201 317
0:0:0:0:0:0:0:1 - - [11/May/2024:17:50:40 +0200] "POST /rest-api/api/v1/login HTTP/1.1" 200 307
0:0:0:0:0:0:0:1 - - [11/May/2024:17:50:46 +0200] "POST /rest-api/api/v1/logout HTTP/1.1" 200 -
0:0:0:0:0:0:0:1 - - [11/May/2024:17:50:51 +0200] "GET /rest-api/api/v1/demo HTTP/1.1" 401 17
0:0:0:0:0:0:0:1 - - [11/May/2024:17:51:04 +0200] "POST /rest-api/api/v1/login HTTP/1.1" 200 304
0:0:0:0:0:0:0:1 - - [11/May/2024:17:51:12 +0200] "GET /rest-api/api/v1/demo HTTP/1.1" 200 20
0:0:0:0:0:0:0:1 - - [11/May/2024:17:51:24 +0200] "POST /rest-api/api/v1/management/trucks HTTP/1.1" 500 13
0:0:0:0:0:0:0:1 - - [11/May/2024:17:51:35 +0200] "GET /rest-api/api/v1/system/admin/users HTTP/1.1" 500 13
0:0:0:0:0:0:0:1 - - [11/May/2024:17:51:43 +0200] "POST /rest-api/api/v1/client/orders HTTP/1.1" 201 156
0:0:0:0:0:0:0:1 - - [11/May/2024:17:51:51 +0200] "PUT /rest-api/api/v1/client/orders/1 HTTP/1.1" 200 158
0:0:0:0:0:0:0:1 - - [11/May/2024:17:52:13 +0200] "PUT /rest-api/api/v1/client/orders/1/submit HTTP/1.1" 200 164
0:0:0:0:0:0:0:1 - - [11/May/2024:17:52:35 +0200] "PUT /rest-api/api/v1/client/orders/1/cancel HTTP/1.1" 500 224
0:0:0:0:0:0:0:1 - - [11/May/2024:17:52:52 +0200] "POST /rest-api/api/v1/login HTTP/1.1" 200 307
0:0:0:0:0:0:0:1 - - [11/May/2024:17:53:05 +0200] "POST /rest-api/api/v1/management/trucks HTTP/1.1" 500 13
0:0:0:0:0:0:0:1 - - [11/May/2024:17:53:12 +0200] "GET /rest-api/api/v1/system/admin/users HTTP/1.1" 500 13
0:0:0:0:0:0:0:1 - - [11/May/2024:17:53:23 +0200] "POST /rest-api/api/v1/login HTTP/1.1" 200 307
0:0:0:0:0:0:0:1 - - [11/May/2024:17:53:31 +0200] "GET /rest-api/api/v1/system/admin/users HTTP/1.1" 500 13
0:0:0:0:0:0:0:1 - - [11/May/2024:17:53:32 +0200] "GET /rest-api/api/v1/system/admin/users HTTP/1.1" 500 13
0:0:0:0:0:0:0:1 - - [11/May/2024:17:54:41 +0200] "GET /rest-api/api/v1/system/admin/users HTTP/1.1" 500 13
0:0:0:0:0:0:0:1 - - [11/May/2024:17:54:41 +0200] "GET /rest-api/api/v1/system/admin/users HTTP/1.1" 500 13
0:0:0:0:0:0:0:1 - - [11/May/2024:17:54:45 +0200] "GET /rest-api/api/v1/system/admin/users HTTP/1.1" 500 13
0:0:0:0:0:0:0:1 - - [11/May/2024:17:54:51 +0200] "POST /rest-api/api/v1/login HTTP/1.1" 200 307
0:0:0:0:0:0:0:1 - - [11/May/2024:17:54:59 +0200] "GET /rest-api/api/v1/system/admin/users HTTP/1.1" 500 13
0:0:0:0:0:0:0:1 - - [11/May/2024:17:55:04 +0200] "POST /rest-api/api/v1/logout HTTP/1.1" 200 -
0:0:0:0:0:0:0:1 - - [11/May/2024:17:55:09 +0200] "POST /rest-api/api/v1/login HTTP/1.1" 200 307
0:0:0:0:0:0:0:1 - - [11/May/2024:17:55:19 +0200] "GET /rest-api/api/v1/system/admin/users HTTP/1.1" 500 13
0:0:0:0:0:0:0:1 - - [11/May/2024:17:55:20 +0200] "GET /rest-api/api/v1/system/admin/users HTTP/1.1" 500 13
0:0:0:0:0:0:0:1 - - [11/May/2024:17:55:21 +0200] "GET /rest-api/api/v1/system/admin/users HTTP/1.1" 500 13
0:0:0:0:0:0:0:1 - - [11/May/2024:17:55:22 +0200] "GET /rest-api/api/v1/system/admin/users HTTP/1.1" 500 13
0:0:0:0:0:0:0:1 - - [11/May/2024:17:57:09 +0200] "POST /rest-api/api/v1/login HTTP/1.1" 200 304
0:0:0:0:0:0:0:1 - - [11/May/2024:17:57:16 +0200] "GET /rest-api/api/v1/system/admin/users HTTP/1.1" 500 13
0:0:0:0:0:0:0:1 - - [11/May/2024:17:57:17 +0200] "GET /rest-api/api/v1/system/admin/users HTTP/1.1" 500 13
0:0:0:0:0:0:0:1 - - [11/May/2024:17:57:18 +0200] "GET /rest-api/api/v1/system/admin/users HTTP/1.1" 500 13
0:0:0:0:0:0:0:1 - - [11/May/2024:17:57:19 +0200] "GET /rest-api/api/v1/system/admin/users HTTP/1.1" 500 13
0:0:0:0:0:0:0:1 - - [11/May/2024:17:57:42 +0200] "POST /rest-api/api/v1/login HTTP/1.1" 200 309
0:0:0:0:0:0:0:1 - - [11/May/2024:17:57:54 +0200] "POST /rest-api/api/v1/management/trucks HTTP/1.1" 500 13
0:0:0:0:0:0:0:1 - - [11/May/2024:17:57:55 +0200] "POST /rest-api/api/v1/management/trucks HTTP/1.1" 500 13
0:0:0:0:0:0:0:1 - - [11/May/2024:17:58:51 +0200] "POST /rest-api/api/v1/login HTTP/1.1" 200 304
0:0:0:0:0:0:0:1 - - [11/May/2024:17:59:00 +0200] "GET /rest-api/api/v1/system/admin/users HTTP/1.1" 200 277
0:0:0:0:0:0:0:1 - - [11/May/2024:17:59:09 +0200] "POST /rest-api/api/v1/management/trucks HTTP/1.1" 500 13
0:0:0:0:0:0:0:1 - - [11/May/2024:17:59:14 +0200] "GET /rest-api/api/v1/system/admin/users HTTP/1.1" 200 277
0:0:0:0:0:0:0:1 - - [11/May/2024:18:00:00 +0200] "POST /rest-api/api/v1/login HTTP/1.1" 500 14
0:0:0:0:0:0:0:1 - - [11/May/2024:18:00:04 +0200] "POST /rest-api/api/v1/register HTTP/1.1" 201 317
0:0:0:0:0:0:0:1 - - [11/May/2024:18:00:28 +0200] "POST /rest-api/api/v1/management/items HTTP/1.1" 500 13
0:0:0:0:0:0:0:1 - - [11/May/2024:18:00:42 +0200] "POST /rest-api/api/v1/login HTTP/1.1" 200 306
0:0:0:0:0:0:0:1 - - [11/May/2024:18:01:13 +0200] "POST /rest-api/api/v1/management/trucks HTTP/1.1" 201 160
0:0:0:0:0:0:0:1 - - [11/May/2024:18:27:29 +0200] "POST /rest-api/api/v1/register HTTP/1.1" 201 317
0:0:0:0:0:0:0:1 - - [11/May/2024:18:27:38 +0200] "POST /rest-api/api/v1/login HTTP/1.1" 200 307
0:0:0:0:0:0:0:1 - - [11/May/2024:18:28:03 +0200] "POST /rest-api/api/v1/client/orders HTTP/1.1" 201 156
0:0:0:0:0:0:0:1 - - [11/May/2024:18:30:59 +0200] "GET /rest-api/api/v1/system/admin/users HTTP/1.1" 500 13
127.0.0.1 - - [11/May/2024:18:40:52 +0200] "GET /rest-api/swagger-ui HTTP/1.1" 500 8012
127.0.0.1 - - [11/May/2024:18:41:04 +0200] "GET /swagger-ui HTTP/1.1" 404 683
127.0.0.1 - - [11/May/2024:18:41:53 +0200] "GET /swagger-ui/ HTTP/1.1" 404 683
127.0.0.1 - - [11/May/2024:18:42:04 +0200] "GET /rest-api/swagger-ui/ HTTP/1.1" 500 8012
127.0.0.1 - - [11/May/2024:18:42:49 +0200] "GET /rest-api/swagger-ui HTTP/1.1" 500 8012
127.0.0.1 - - [11/May/2024:18:43:53 +0200] "-" 400 2214
127.0.0.1 - - [11/May/2024:18:43:53 +0200] "-" 400 2228
127.0.0.1 - - [11/May/2024:18:43:57 +0200] "-" 400 2230
127.0.0.1 - - [11/May/2024:18:43:58 +0200] "-" 400 2164
127.0.0.1 - - [11/May/2024:18:44:07 +0200] "GET /rest-api HTTP/1.1" 302 -
127.0.0.1 - - [11/May/2024:18:44:07 +0200] "GET /rest-api/ HTTP/1.1" 500 8012
127.0.0.1 - - [11/May/2024:18:53:26 +0200] "GET /rest-api/swagger-ui HTTP/1.1" 500 42
127.0.0.1 - - [11/May/2024:18:53:56 +0200] "GET /rest-api/swagger-ui/ HTTP/1.1" 500 42
127.0.0.1 - - [11/May/2024:18:54:01 +0200] "GET /swagger-ui/ HTTP/1.1" 404 683
127.0.0.1 - - [11/May/2024:18:54:01 +0200] "GET /favicon.ico HTTP/1.1" 404 683
127.0.0.1 - - [11/May/2024:18:55:16 +0200] "GET /swagger-ui/ HTTP/1.1" 404 683
127.0.0.1 - - [11/May/2024:18:55:29 +0200] "GET /rest-api/swagger-ui/ HTTP/1.1" 500 7747
127.0.0.1 - - [11/May/2024:18:55:39 +0200] "GET /rest-api/swagger-ui/swagger-ui.html HTTP/1.1" 500 7747
127.0.0.1 - - [11/May/2024:18:55:43 +0200] "GET /rest-api/swagger-ui/swagger-ui.html HTTP/1.1" 500 7747
127.0.0.1 - - [11/May/2024:18:56:00 +0200] "GET /rest-api/swagger-ui/swagger-ui.html HTTP/1.1" 500 7747
127.0.0.1 - - [11/May/2024:18:57:24 +0200] "GET /rest-api/swagger-ui/swagger-ui.html HTTP/1.1" 404 174
127.0.0.1 - - [11/May/2024:18:57:25 +0200] "GET /rest-api/swagger-ui/swagger-ui.html HTTP/1.1" 404 174
127.0.0.1 - - [11/May/2024:18:57:26 +0200] "GET /rest-api/swagger-ui/swagger-ui.html HTTP/1.1" 404 174
127.0.0.1 - - [11/May/2024:18:57:26 +0200] "GET /rest-api/swagger-ui/swagger-ui.html HTTP/1.1" 404 174
127.0.0.1 - - [11/May/2024:18:57:27 +0200] "GET /rest-api/swagger-ui/swagger-ui.html HTTP/1.1" 404 174
127.0.0.1 - - [11/May/2024:18:57:30 +0200] "GET /rest-api/swagger-ui/ HTTP/1.1" 500 42
127.0.0.1 - - [11/May/2024:18:57:34 +0200] "GET /rest-api/swagger-ui/swagger-ui.html HTTP/1.1" 404 174
127.0.0.1 - - [11/May/2024:18:57:38 +0200] "GET /swagger-ui/swagger-ui.html HTTP/1.1" 404 683
0:0:0:0:0:0:0:1 - - [11/May/2024:18:59:18 +0200] "POST /rest-api/api/v1/register HTTP/1.1" 500 7747
0:0:0:0:0:0:0:1 - - [11/May/2024:18:59:46 +0200] "POST /api/v1/register HTTP/1.1" 201 308
127.0.0.1 - - [11/May/2024:18:59:54 +0200] "GET /swagger-ui/swagger-ui.html HTTP/1.1" 404 165
127.0.0.1 - - [11/May/2024:18:59:55 +0200] "GET /swagger-ui/swagger-ui.html HTTP/1.1" 404 165
127.0.0.1 - - [11/May/2024:18:59:58 +0200] "GET /swagger-ui/ HTTP/1.1" 500 42
127.0.0.1 - - [11/May/2024:19:00:57 +0200] "-" 400 2224
127.0.0.1 - - [11/May/2024:19:00:58 +0200] "-" 400 2194
127.0.0.1 - - [11/May/2024:19:01:03 +0200] "GET /rest-api HTTP/1.1" 500 7747
127.0.0.1 - - [11/May/2024:19:01:10 +0200] "GET /swagger-ui HTTP/1.1" 500 42
127.0.0.1 - - [11/May/2024:19:01:14 +0200] "GET /swagger-ui/ HTTP/1.1" 500 42
127.0.0.1 - - [11/May/2024:19:07:45 +0200] "GET /swagger-ui/index.html HTTP/1.1" 200 734
127.0.0.1 - - [11/May/2024:19:07:45 +0200] "GET /swagger-ui/index.css HTTP/1.1" 200 202
127.0.0.1 - - [11/May/2024:19:07:45 +0200] "GET /swagger-ui/swagger-ui.css HTTP/1.1" 200 145206
127.0.0.1 - - [11/May/2024:19:07:45 +0200] "GET /swagger-ui/swagger-ui-standalone-preset.js HTTP/1.1" 200 322863
127.0.0.1 - - [11/May/2024:19:07:45 +0200] "GET /swagger-ui/swagger-ui-bundle.js HTTP/1.1" 200 1048207
127.0.0.1 - - [11/May/2024:19:07:45 +0200] "GET /swagger-ui/swagger-initializer.js HTTP/1.1" 200 615
127.0.0.1 - - [11/May/2024:19:07:45 +0200] "GET /swagger-ui/favicon-16x16.png HTTP/1.1" 200 665
127.0.0.1 - - [11/May/2024:19:07:46 +0200] "GET /v3/api-docs/swagger-config HTTP/1.1" 200 169
127.0.0.1 - - [11/May/2024:19:07:46 +0200] "GET /v3/api-docs HTTP/1.1" 200 13451
127.0.0.1 - - [11/May/2024:19:08:34 +0200] "GET /swagger-ui/index.html HTTP/1.1" 404 683
127.0.0.1 - - [11/May/2024:19:08:41 +0200] "GET /rest-api//swagger-ui/index.html HTTP/1.1" 400 763
127.0.0.1 - - [11/May/2024:19:08:46 +0200] "GET /rest-api/swagger-ui/index.html HTTP/1.1" 200 734
127.0.0.1 - - [11/May/2024:19:08:46 +0200] "GET /rest-api/swagger-ui/swagger-ui.css HTTP/1.1" 200 145206
127.0.0.1 - - [11/May/2024:19:08:46 +0200] "GET /rest-api/swagger-ui/index.css HTTP/1.1" 200 202
127.0.0.1 - - [11/May/2024:19:08:46 +0200] "GET /rest-api/swagger-ui/swagger-initializer.js HTTP/1.1" 200 624
127.0.0.1 - - [11/May/2024:19:08:46 +0200] "GET /rest-api/swagger-ui/swagger-ui-standalone-preset.js HTTP/1.1" 200 322863
127.0.0.1 - - [11/May/2024:19:08:46 +0200] "GET /rest-api/swagger-ui/swagger-ui-bundle.js HTTP/1.1" 200 1048207
127.0.0.1 - - [11/May/2024:19:08:46 +0200] "GET /rest-api/swagger-ui/favicon-16x16.png HTTP/1.1" 200 665
127.0.0.1 - - [11/May/2024:19:08:46 +0200] "GET /rest-api/v3/api-docs/swagger-config HTTP/1.1" 200 196
127.0.0.1 - - [11/May/2024:19:08:46 +0200] "GET /rest-api/v3/api-docs HTTP/1.1" 200 13451
0:0:0:0:0:0:0:1 - - [11/May/2024:19:09:24 +0200] "POST /rest-api/api/v1/register HTTP/1.1" 201 317
127.0.0.1 - - [11/May/2024:19:20:44 +0200] "GET /swagger-ui HTTP/1.1" 404 683
127.0.0.1 - - [11/May/2024:19:20:45 +0200] "GET /swagger-ui/ HTTP/1.1" 404 683
127.0.0.1 - - [11/May/2024:19:20:55 +0200] "GET /rest-api/swagger-ui/index.html HTTP/1.1" 200 734
127.0.0.1 - - [11/May/2024:19:20:55 +0200] "GET /rest-api/swagger-ui/index.css HTTP/1.1" 200 202
127.0.0.1 - - [11/May/2024:19:20:55 +0200] "GET /rest-api/swagger-ui/swagger-ui.css HTTP/1.1" 200 145206
127.0.0.1 - - [11/May/2024:19:20:55 +0200] "GET /rest-api/swagger-ui/swagger-ui-standalone-preset.js HTTP/1.1" 200 322863
127.0.0.1 - - [11/May/2024:19:20:55 +0200] "GET /rest-api/swagger-ui/swagger-ui-bundle.js HTTP/1.1" 200 1048207
127.0.0.1 - - [11/May/2024:19:20:55 +0200] "GET /rest-api/swagger-ui/swagger-initializer.js HTTP/1.1" 200 624
127.0.0.1 - - [11/May/2024:19:20:55 +0200] "GET /rest-api/swagger-ui/favicon-16x16.png HTTP/1.1" 200 665
127.0.0.1 - - [11/May/2024:19:20:55 +0200] "GET /rest-api/v3/api-docs/swagger-config HTTP/1.1" 200 196
127.0.0.1 - - [11/May/2024:19:20:55 +0200] "GET /rest-api/v3/api-docs HTTP/1.1" 200 13241
127.0.0.1 - - [11/May/2024:19:24:09 +0200] "GET /rest-api/swagger-ui/index.html HTTP/1.1" 200 734
127.0.0.1 - - [11/May/2024:19:24:09 +0200] "GET /rest-api/swagger-ui/index.css HTTP/1.1" 200 202
127.0.0.1 - - [11/May/2024:19:24:09 +0200] "GET /rest-api/swagger-ui/swagger-ui.css HTTP/1.1" 200 145206
127.0.0.1 - - [11/May/2024:19:24:09 +0200] "GET /rest-api/swagger-ui/swagger-ui-standalone-preset.js HTTP/1.1" 200 322863
127.0.0.1 - - [11/May/2024:19:24:09 +0200] "GET /rest-api/swagger-ui/swagger-ui-bundle.js HTTP/1.1" 200 1048207
127.0.0.1 - - [11/May/2024:19:24:09 +0200] "GET /rest-api/swagger-ui/swagger-initializer.js HTTP/1.1" 200 624
127.0.0.1 - - [11/May/2024:19:24:10 +0200] "GET /rest-api/swagger-ui/favicon-16x16.png HTTP/1.1" 200 665
127.0.0.1 - - [11/May/2024:19:24:10 +0200] "GET /rest-api/v3/api-docs/swagger-config HTTP/1.1" 200 196
127.0.0.1 - - [11/May/2024:19:24:10 +0200] "GET /rest-api/v3/api-docs HTTP/1.1" 200 13631
127.0.0.1 - - [11/May/2024:19:25:08 +0200] "POST /api/v1/register HTTP/1.1" 404 683
127.0.0.1 - - [11/May/2024:19:25:20 +0200] "POST /api/v1/register HTTP/1.1" 404 683
127.0.0.1 - - [11/May/2024:19:26:17 +0200] "GET /rest-api/v3/api-docs HTTP/1.1" 200 13631
127.0.0.1 - - [11/May/2024:19:26:42 +0200] "GET /rest-api/swagger-ui/index.html HTTP/1.1" 200 734
127.0.0.1 - - [11/May/2024:19:26:42 +0200] "GET /rest-api/swagger-ui/index.css HTTP/1.1" 200 202
127.0.0.1 - - [11/May/2024:19:26:42 +0200] "GET /rest-api/swagger-ui/swagger-ui.css HTTP/1.1" 200 145206
127.0.0.1 - - [11/May/2024:19:26:42 +0200] "GET /rest-api/swagger-ui/swagger-ui-standalone-preset.js HTTP/1.1" 200 322863
127.0.0.1 - - [11/May/2024:19:26:42 +0200] "GET /rest-api/swagger-ui/swagger-ui-bundle.js HTTP/1.1" 200 1048207
127.0.0.1 - - [11/May/2024:19:26:42 +0200] "GET /rest-api/swagger-ui/swagger-initializer.js HTTP/1.1" 200 624
127.0.0.1 - - [11/May/2024:19:26:42 +0200] "GET /rest-api/swagger-ui/favicon-16x16.png HTTP/1.1" 200 665
127.0.0.1 - - [11/May/2024:19:26:42 +0200] "GET /rest-api/v3/api-docs/swagger-config HTTP/1.1" 200 196
127.0.0.1 - - [11/May/2024:19:26:43 +0200] "GET /rest-api/v3/api-docs HTTP/1.1" 200 13640
127.0.0.1 - - [11/May/2024:19:27:13 +0200] "POST /rest-api/api/v1/register HTTP/1.1" 201 318
0:0:0:0:0:0:0:1 - - [11/May/2024:19:31:05 +0200] "POST /rest-api/api/v1/register HTTP/1.1" 201 314
0:0:0:0:0:0:0:1 - - [11/May/2024:19:35:10 +0200] "POST /rest-api/api/v1/register HTTP/1.1" 201 317
0:0:0:0:0:0:0:1 - - [11/May/2024:19:38:00 +0200] "POST /rest-api/api/v1/login HTTP/1.1" 200 307
0:0:0:0:0:0:0:1 - - [11/May/2024:19:41:04 +0200] "POST /rest-api/api/v1/login HTTP/1.1" 500 14
0:0:0:0:0:0:0:1 - - [11/May/2024:19:41:05 +0200] "POST /rest-api/api/v1/login HTTP/1.1" 500 14
0:0:0:0:0:0:0:1 - - [11/May/2024:19:41:08 +0200] "POST /rest-api/api/v1/register HTTP/1.1" 201 317
0:0:0:0:0:0:0:1 - - [11/May/2024:19:41:12 +0200] "POST /rest-api/api/v1/login HTTP/1.1" 201 309
0:0:0:0:0:0:0:1 - - [11/May/2024:19:42:04 +0200] "POST /rest-api/api/v1/register HTTP/1.1" 201 317
0:0:0:0:0:0:0:1 - - [11/May/2024:19:42:15 +0200] "POST /rest-api/api/v1/login HTTP/1.1" 201 312
0:0:0:0:0:0:0:1 - - [11/May/2024:20:01:06 +0200] "POST /rest-api/api/v1/login HTTP/1.1" 201 314
0:0:0:0:0:0:0:1 - - [11/May/2024:20:01:48 +0200] "DELETE /rest-api/api/v1/management/items/1 HTTP/1.1" 204 -
0:0:0:0:0:0:0:1 - - [11/May/2024:20:50:35 +0200] "POST /rest-api/api/v1/login HTTP/1.1" 500 14
0:0:0:0:0:0:0:1 - - [11/May/2024:20:50:39 +0200] "POST /rest-api/api/v1/register HTTP/1.1" 201 317
0:0:0:0:0:0:0:1 - - [11/May/2024:20:50:51 +0200] "POST /rest-api/api/v1/client/orders HTTP/1.1" 201 161
0:0:0:0:0:0:0:1 - - [11/May/2024:20:51:02 +0200] "PUT /rest-api/api/v1/client/orders/1/submit HTTP/1.1" 200 167
0:0:0:0:0:0:0:1 - - [11/May/2024:20:51:17 +0200] "PUT /rest-api/api/v1/management/orders/1/approve HTTP/1.1" 500 13
0:0:0:0:0:0:0:1 - - [11/May/2024:20:51:24 +0200] "POST /rest-api/api/v1/login HTTP/1.1" 201 314
0:0:0:0:0:0:0:1 - - [11/May/2024:20:51:45 +0200] "PUT /rest-api/api/v1/management/orders/1/approve HTTP/1.1" 200 171
0:0:0:0:0:0:0:1 - - [11/May/2024:20:51:56 +0200] "POST /rest-api/api/v1/management/deliveries/schedule HTTP/1.1" 500 13
0:0:0:0:0:0:0:1 - - [11/May/2024:20:52:07 +0200] "POST /rest-api/api/v1/management/deliveries/schedule HTTP/1.1" 500 34
0:0:0:0:0:0:0:1 - - [11/May/2024:20:53:17 +0200] "POST /rest-api/api/v1/management/deliveries/schedule HTTP/1.1" 500 34
0:0:0:0:0:0:0:1 - - [11/May/2024:20:53:18 +0200] "POST /rest-api/api/v1/management/deliveries/schedule HTTP/1.1" 500 34
0:0:0:0:0:0:0:1 - - [11/May/2024:20:55:23 +0200] "POST /rest-api/api/v1/management/trucks HTTP/1.1" 201 160
0:0:0:0:0:0:0:1 - - [11/May/2024:20:55:40 +0200] "POST /rest-api/api/v1/management/trucks HTTP/1.1" 201 160
0:0:0:0:0:0:0:1 - - [11/May/2024:20:56:14 +0200] "POST /rest-api/api/v1/management/deliveries/schedule HTTP/1.1" 201 183
0:0:0:0:0:0:0:1 - - [11/May/2024:21:11:55 +0200] "POST /rest-api/api/v1/login HTTP/1.1" 201 314
0:0:0:0:0:0:0:1 - - [11/May/2024:21:12:08 +0200] "POST /rest-api/api/v1/client/orders HTTP/1.1" 201 161
0:0:0:0:0:0:0:1 - - [11/May/2024:21:12:13 +0200] "PUT /rest-api/api/v1/client/orders/1/submit HTTP/1.1" 200 167
0:0:0:0:0:0:0:1 - - [11/May/2024:21:12:28 +0200] "PUT /rest-api/api/v1/management/orders/1/approve HTTP/1.1" 401 17
0:0:0:0:0:0:0:1 - - [11/May/2024:21:12:34 +0200] "PUT /rest-api/api/v1/management/orders/1/approve HTTP/1.1" 200 171
0:0:0:0:0:0:0:1 - - [11/May/2024:21:26:47 +0200] "POST /rest-api/api/v1/register HTTP/1.1" 201 314
0:0:0:0:0:0:0:1 - - [11/May/2024:21:26:52 +0200] "POST /rest-api/api/v1/login HTTP/1.1" 201 312
0:0:0:0:0:0:0:1 - - [11/May/2024:21:27:10 +0200] "POST /rest-api/api/v1/client/orders HTTP/1.1" 401 17
0:0:0:0:0:0:0:1 - - [11/May/2024:21:27:15 +0200] "POST /rest-api/api/v1/client/orders HTTP/1.1" 201 161
0:0:0:0:0:0:0:1 - - [11/May/2024:21:27:23 +0200] "PUT /rest-api/api/v1/client/orders/1/submit HTTP/1.1" 200 167
0:0:0:0:0:0:0:1 - - [11/May/2024:21:27:31 +0200] "POST /rest-api/api/v1/login HTTP/1.1" 201 311
0:0:0:0:0:0:0:1 - - [11/May/2024:21:27:40 +0200] "PUT /rest-api/api/v1/management/orders/1/approve HTTP/1.1" 200 171
0:0:0:0:0:0:0:1 - - [11/May/2024:21:29:20 +0200] "POST /rest-api/api/v1/management/trucks HTTP/1.1" 401 17
0:0:0:0:0:0:0:1 - - [11/May/2024:21:29:26 +0200] "POST /rest-api/api/v1/management/trucks HTTP/1.1" 201 160
0:0:0:0:0:0:0:1 - - [11/May/2024:21:29:36 +0200] "POST /rest-api/api/v1/management/trucks HTTP/1.1" 201 160
0:0:0:0:0:0:0:1 - - [11/May/2024:21:29:39 +0200] "POST /rest-api/api/v1/management/trucks HTTP/1.1" 201 160
0:0:0:0:0:0:0:1 - - [11/May/2024:21:29:43 +0200] "POST /rest-api/api/v1/management/trucks HTTP/1.1" 201 160
0:0:0:0:0:0:0:1 - - [11/May/2024:21:29:46 +0200] "POST /rest-api/api/v1/management/trucks HTTP/1.1" 201 160
0:0:0:0:0:0:0:1 - - [11/May/2024:21:29:51 +0200] "POST /rest-api/api/v1/management/trucks HTTP/1.1" 201 160
0:0:0:0:0:0:0:1 - - [11/May/2024:21:30:32 +0200] "POST /rest-api/api/v1/management/deliveries/schedule HTTP/1.1" 401 17
0:0:0:0:0:0:0:1 - - [11/May/2024:21:30:42 +0200] "POST /rest-api/api/v1/login HTTP/1.1" 201 314
0:0:0:0:0:0:0:1 - - [11/May/2024:21:30:54 +0200] "POST /rest-api/api/v1/management/deliveries/schedule HTTP/1.1" 500 319
0:0:0:0:0:0:0:1 - - [11/May/2024:21:36:48 +0200] "POST /rest-api/api/v1/login HTTP/1.1" 201 314
0:0:0:0:0:0:0:1 - - [11/May/2024:21:36:58 +0200] "POST /rest-api/api/v1/client/orders HTTP/1.1" 201 161
0:0:0:0:0:0:0:1 - - [11/May/2024:21:37:13 +0200] "PUT /rest-api/api/v1/client/orders/1/submit HTTP/1.1" 200 164
0:0:0:0:0:0:0:1 - - [11/May/2024:21:37:26 +0200] "PUT /rest-api/api/v1/management/orders/1/approve HTTP/1.1" 200 171
0:0:0:0:0:0:0:1 - - [11/May/2024:21:37:58 +0200] "POST /rest-api/api/v1/management/deliveries/schedule HTTP/1.1" 401 17
0:0:0:0:0:0:0:1 - - [11/May/2024:21:38:17 +0200] "POST /rest-api/api/v1/management/deliveries/schedule HTTP/1.1" 401 17
0:0:0:0:0:0:0:1 - - [11/May/2024:21:38:21 +0200] "POST /rest-api/api/v1/login HTTP/1.1" 201 314
0:0:0:0:0:0:0:1 - - [11/May/2024:21:38:29 +0200] "POST /rest-api/api/v1/management/deliveries/schedule HTTP/1.1" 500 210
0:0:0:0:0:0:0:1 - - [11/May/2024:21:38:49 +0200] "POST /rest-api/api/v1/client/orders HTTP/1.1" 201 161
0:0:0:0:0:0:0:1 - - [11/May/2024:21:38:53 +0200] "PUT /rest-api/api/v1/client/orders/1/submit HTTP/1.1" 200 167
0:0:0:0:0:0:0:1 - - [11/May/2024:21:39:39 +0200] "PUT /rest-api/api/v1/management/orders/1/approve HTTP/1.1" 200 171
0:0:0:0:0:0:0:1 - - [11/May/2024:21:39:56 +0200] "POST /rest-api/api/v1/management/deliveries/schedule HTTP/1.1" 500 319
0:0:0:0:0:0:0:1 - - [11/May/2024:21:40:18 +0200] "POST /rest-api/api/v1/management/trucks HTTP/1.1" 401 17
0:0:0:0:0:0:0:1 - - [11/May/2024:21:40:21 +0200] "POST /rest-api/api/v1/management/trucks HTTP/1.1" 401 17
0:0:0:0:0:0:0:1 - - [11/May/2024:21:40:35 +0200] "POST /rest-api/api/v1/management/trucks HTTP/1.1" 201 160
0:0:0:0:0:0:0:1 - - [11/May/2024:21:40:43 +0200] "POST /rest-api/api/v1/management/trucks HTTP/1.1" 201 160
0:0:0:0:0:0:0:1 - - [11/May/2024:21:40:47 +0200] "POST /rest-api/api/v1/management/trucks HTTP/1.1" 201 160
0:0:0:0:0:0:0:1 - - [11/May/2024:21:40:50 +0200] "POST /rest-api/api/v1/management/trucks HTTP/1.1" 201 160
0:0:0:0:0:0:0:1 - - [11/May/2024:21:40:54 +0200] "POST /rest-api/api/v1/management/trucks HTTP/1.1" 201 160
0:0:0:0:0:0:0:1 - - [11/May/2024:21:40:57 +0200] "POST /rest-api/api/v1/management/trucks HTTP/1.1" 201 160
0:0:0:0:0:0:0:1 - - [11/May/2024:21:41:14 +0200] "POST /rest-api/api/v1/management/deliveries/schedule HTTP/1.1" 500 551
0:0:0:0:0:0:0:1 - - [11/May/2024:21:42:44 +0200] "POST /rest-api/api/v1/management/trucks HTTP/1.1" 201 160
0:0:0:0:0:0:0:1 - - [11/May/2024:21:43:05 +0200] "POST /rest-api/api/v1/management/deliveries/schedule HTTP/1.1" 500 447
0:0:0:0:0:0:0:1 - - [11/May/2024:21:44:53 +0200] "POST /rest-api/api/v1/management/trucks HTTP/1.1" 201 160
0:0:0:0:0:0:0:1 - - [11/May/2024:21:45:14 +0200] "POST /rest-api/api/v1/management/deliveries/schedule HTTP/1.1" 201 183
0:0:0:0:0:0:0:1 - - [11/May/2024:21:58:27 +0200] "POST /rest-api/api/v1/login HTTP/1.1" 201 311
0:0:0:0:0:0:0:1 - - [11/May/2024:21:58:39 +0200] "POST /rest-api/api/v1/management/trucks HTTP/1.1" 201 157
0:0:0:0:0:0:0:1 - - [11/May/2024:21:58:47 +0200] "POST /rest-api/api/v1/client/orders HTTP/1.1" 201 158
0:0:0:0:0:0:0:1 - - [11/May/2024:21:59:06 +0200] "PUT /rest-api/api/v1/client/orders/1/submit HTTP/1.1" 200 164
0:0:0:0:0:0:0:1 - - [11/May/2024:22:00:14 +0200] "PUT /rest-api/api/v1/management/orders/1/approve HTTP/1.1" 200 171
0:0:0:0:0:0:0:1 - - [11/May/2024:22:00:26 +0200] "POST /rest-api/api/v1/management/deliveries/schedule HTTP/1.1" 401 17
0:0:0:0:0:0:0:1 - - [11/May/2024:22:00:31 +0200] "POST /rest-api/api/v1/management/deliveries/schedule HTTP/1.1" 500 319
0:0:0:0:0:0:0:1 - - [11/May/2024:22:00:59 +0200] "POST /rest-api/api/v1/management/deliveries/schedule HTTP/1.1" 201 183
0:0:0:0:0:0:0:1 - - [11/May/2024:22:02:49 +0200] "PUT /rest-api/api/v1/management/orders/1/fulfill HTTP/1.1" 500 152
0:0:0:0:0:0:0:1 - - [11/May/2024:22:06:32 +0200] "POST /rest-api/api/v1/login HTTP/1.1" 201 311
0:0:0:0:0:0:0:1 - - [11/May/2024:22:06:47 +0200] "POST /rest-api/api/v1/client/orders HTTP/1.1" 201 161
0:0:0:0:0:0:0:1 - - [11/May/2024:22:06:52 +0200] "PUT /rest-api/api/v1/client/orders/1/submit HTTP/1.1" 200 167
0:0:0:0:0:0:0:1 - - [11/May/2024:22:06:58 +0200] "PUT /rest-api/api/v1/management/orders/1/approve HTTP/1.1" 200 171
0:0:0:0:0:0:0:1 - - [11/May/2024:22:07:05 +0200] "POST /rest-api/api/v1/management/trucks HTTP/1.1" 201 160
0:0:0:0:0:0:0:1 - - [11/May/2024:22:07:14 +0200] "POST /rest-api/api/v1/management/deliveries/schedule HTTP/1.1" 201 183
0:0:0:0:0:0:0:1 - - [11/May/2024:22:07:55 +0200] "PUT /rest-api/api/v1/management/orders/1/fulfill HTTP/1.1" 200 172
