0:0:0:0:0:0:0:1 - - [12/May/2024:00:00:46 +0200] "POST /rest-api/api/v1/login HTTP/1.1" 201 314
0:0:0:0:0:0:0:1 - - [12/May/2024:00:01:03 +0200] "PUT /rest-api/api/v1/management/orders/1/approve HTTP/1.1" 200 171
0:0:0:0:0:0:0:1 - - [12/May/2024:00:01:20 +0200] "POST /rest-api/api/v1/management/deliveries/schedule HTTP/1.1" 500 210
0:0:0:0:0:0:0:1 - - [12/May/2024:00:02:14 +0200] "POST /rest-api/api/v1/client/orders HTTP/1.1" 500 5136
0:0:0:0:0:0:0:1 - - [12/May/2024:00:02:23 +0200] "POST /rest-api/api/v1/login HTTP/1.1" 201 314
0:0:0:0:0:0:0:1 - - [12/May/2024:00:02:50 +0200] "POST /rest-api/api/v1/client/orders HTTP/1.1" 201 161
0:0:0:0:0:0:0:1 - - [12/May/2024:00:03:11 +0200] "PUT /rest-api/api/v1/client/orders/1/submit HTTP/1.1" 200 167
0:0:0:0:0:0:0:1 - - [12/May/2024:00:04:11 +0200] "PUT /rest-api/api/v1/client/orders/1/submit HTTP/1.1" 200 167
0:0:0:0:0:0:0:1 - - [12/May/2024:00:04:27 +0200] "PUT /rest-api/api/v1/management/orders/1/approve HTTP/1.1" 200 171
0:0:0:0:0:0:0:1 - - [12/May/2024:00:04:34 +0200] "POST /rest-api/api/v1/management/deliveries/schedule HTTP/1.1" 401 17
0:0:0:0:0:0:0:1 - - [12/May/2024:00:04:38 +0200] "POST /rest-api/api/v1/management/deliveries/schedule HTTP/1.1" 500 319
0:0:0:0:0:0:0:1 - - [12/May/2024:00:05:13 +0200] "POST /rest-api/api/v1/management/trucks HTTP/1.1" 401 17
0:0:0:0:0:0:0:1 - - [12/May/2024:00:05:17 +0200] "POST /rest-api/api/v1/management/trucks HTTP/1.1" 201 160
0:0:0:0:0:0:0:1 - - [12/May/2024:00:05:23 +0200] "POST /rest-api/api/v1/management/deliveries/schedule HTTP/1.1" 201 183
0:0:0:0:0:0:0:1 - - [12/May/2024:00:09:44 +0200] "POST /rest-api/api/v1/login HTTP/1.1" 201 311
0:0:0:0:0:0:0:1 - - [12/May/2024:00:09:58 +0200] "POST /rest-api/api/v1/client/orders HTTP/1.1" 201 161
0:0:0:0:0:0:0:1 - - [12/May/2024:00:10:10 +0200] "PUT /rest-api/api/v1/client/orders/1/submit HTTP/1.1" 200 167
0:0:0:0:0:0:0:1 - - [12/May/2024:00:10:22 +0200] "PUT /rest-api/api/v1/management/orders/1/approve HTTP/1.1" 200 171
0:0:0:0:0:0:0:1 - - [12/May/2024:00:10:28 +0200] "POST /rest-api/api/v1/management/deliveries/schedule HTTP/1.1" 500 319
0:0:0:0:0:0:0:1 - - [12/May/2024:00:10:40 +0200] "POST /rest-api/api/v1/management/trucks HTTP/1.1" 500 248
0:0:0:0:0:0:0:1 - - [12/May/2024:00:10:48 +0200] "POST /rest-api/api/v1/management/trucks HTTP/1.1" 201 160
0:0:0:0:0:0:0:1 - - [12/May/2024:00:10:54 +0200] "POST /rest-api/api/v1/management/deliveries/schedule HTTP/1.1" 500 449
0:0:0:0:0:0:0:1 - - [12/May/2024:10:12:02 +0200] "POST /rest-api/api/v1/login HTTP/1.1" 201 312
0:0:0:0:0:0:0:1 - - [12/May/2024:10:12:08 +0200] "POST /rest-api/api/v1/login HTTP/1.1" 201 312
0:0:0:0:0:0:0:1 - - [12/May/2024:10:12:09 +0200] "POST /rest-api/api/v1/login HTTP/1.1" 201 312
0:0:0:0:0:0:0:1 - - [12/May/2024:10:12:36 +0200] "POST /rest-api/api/v1/logout HTTP/1.1" 200 -
0:0:0:0:0:0:0:1 - - [12/May/2024:10:26:13 +0200] "POST /rest-api/api/v1/login HTTP/1.1" 500 14
0:0:0:0:0:0:0:1 - - [12/May/2024:10:26:14 +0200] "POST /rest-api/api/v1/login HTTP/1.1" 500 14
0:0:0:0:0:0:0:1 - - [12/May/2024:10:26:15 +0200] "POST /rest-api/api/v1/login HTTP/1.1" 500 14
0:0:0:0:0:0:0:1 - - [12/May/2024:10:26:25 +0200] "POST /rest-api/api/v1/client/orders HTTP/1.1" 401 57
0:0:0:0:0:0:0:1 - - [12/May/2024:10:30:36 +0200] "POST /rest-api/api/v1/client/orders HTTP/1.1" 500 5136
0:0:0:0:0:0:0:1 - - [12/May/2024:10:30:39 +0200] "POST /rest-api/api/v1/client/orders HTTP/1.1" 401 54
0:0:0:0:0:0:0:1 - - [12/May/2024:10:30:40 +0200] "POST /rest-api/api/v1/client/orders HTTP/1.1" 401 54
0:0:0:0:0:0:0:1 - - [12/May/2024:10:30:41 +0200] "POST /rest-api/api/v1/client/orders HTTP/1.1" 401 54
0:0:0:0:0:0:0:1 - - [12/May/2024:10:57:40 +0200] "POST /rest-api/api/v1/register HTTP/1.1" 201 317
0:0:0:0:0:0:0:1 - - [12/May/2024:10:57:42 +0200] "POST /rest-api/api/v1/register HTTP/1.1" 500 77861
0:0:0:0:0:0:0:1 - - [12/May/2024:10:58:36 +0200] "POST /rest-api/api/v1/register HTTP/1.1" 201 317
0:0:0:0:0:0:0:1 - - [12/May/2024:10:58:38 +0200] "POST /rest-api/api/v1/register HTTP/1.1" 500 77833
0:0:0:0:0:0:0:1 - - [12/May/2024:11:00:23 +0200] "POST /rest-api/api/v1/register HTTP/1.1" 201 317
0:0:0:0:0:0:0:1 - - [12/May/2024:11:00:25 +0200] "POST /rest-api/api/v1/register HTTP/1.1" 500 77833
0:0:0:0:0:0:0:1 - - [12/May/2024:11:03:12 +0200] "POST /rest-api/api/v1/register HTTP/1.1" 500 77833
0:0:0:0:0:0:0:1 - - [12/May/2024:11:05:17 +0200] "POST /rest-api/api/v1/register HTTP/1.1" 201 317
0:0:0:0:0:0:0:1 - - [12/May/2024:11:10:13 +0200] "POST /rest-api/api/v1/register HTTP/1.1" 201 317
0:0:0:0:0:0:0:1 - - [12/May/2024:11:10:14 +0200] "POST /rest-api/api/v1/register HTTP/1.1" 500 77833
0:0:0:0:0:0:0:1 - - [12/May/2024:11:12:16 +0200] "POST /rest-api/api/v1/register HTTP/1.1" 500 77833
0:0:0:0:0:0:0:1 - - [12/May/2024:11:12:28 +0200] "POST /rest-api/api/v1/register HTTP/1.1" 201 317
0:0:0:0:0:0:0:1 - - [12/May/2024:11:12:32 +0200] "POST /rest-api/api/v1/register HTTP/1.1" 500 77833
0:0:0:0:0:0:0:1 - - [12/May/2024:11:14:25 +0200] "POST /rest-api/api/v1/register HTTP/1.1" 500 77833
0:0:0:0:0:0:0:1 - - [12/May/2024:11:14:42 +0200] "POST /rest-api/api/v1/register HTTP/1.1" 201 317
0:0:0:0:0:0:0:1 - - [12/May/2024:11:19:39 +0200] "POST /rest-api/api/v1/register HTTP/1.1" 500 -
0:0:0:0:0:0:0:1 - - [12/May/2024:11:20:00 +0200] "POST /rest-api/api/v1/register HTTP/1.1" 500 204
0:0:0:0:0:0:0:1 - - [12/May/2024:11:20:02 +0200] "POST /rest-api/api/v1/register HTTP/1.1" 500 204
0:0:0:0:0:0:0:1 - - [12/May/2024:11:20:18 +0200] "POST /rest-api/api/v1/register HTTP/1.1" 201 317
0:0:0:0:0:0:0:1 - - [12/May/2024:11:20:20 +0200] "POST /rest-api/api/v1/register HTTP/1.1" 500 77833
0:0:0:0:0:0:0:1 - - [12/May/2024:11:20:44 +0200] "POST /rest-api/api/v1/register HTTP/1.1" 500 77833
0:0:0:0:0:0:0:1 - - [12/May/2024:11:21:52 +0200] "POST /rest-api/api/v1/register HTTP/1.1" 201 314
0:0:0:0:0:0:0:1 - - [12/May/2024:11:24:39 +0200] "POST /rest-api/api/v1/register HTTP/1.1" 500 77833
0:0:0:0:0:0:0:1 - - [12/May/2024:11:25:19 +0200] "POST /rest-api/api/v1/register HTTP/1.1" 201 317
0:0:0:0:0:0:0:1 - - [12/May/2024:11:25:20 +0200] "POST /rest-api/api/v1/register HTTP/1.1" 500 77861
0:0:0:0:0:0:0:1 - - [12/May/2024:11:26:36 +0200] "POST /rest-api/api/v1/register HTTP/1.1" 201 317
0:0:0:0:0:0:0:1 - - [12/May/2024:11:26:38 +0200] "POST /rest-api/api/v1/register HTTP/1.1" 409 232
0:0:0:0:0:0:0:1 - - [12/May/2024:11:27:58 +0200] "POST /rest-api/api/v1/register HTTP/1.1" 201 317
0:0:0:0:0:0:0:1 - - [12/May/2024:11:27:59 +0200] "POST /rest-api/api/v1/register HTTP/1.1" 409 305
0:0:0:0:0:0:0:1 - - [12/May/2024:11:30:04 +0200] "POST /rest-api/api/v1/register HTTP/1.1" 201 317
0:0:0:0:0:0:0:1 - - [12/May/2024:11:30:06 +0200] "POST /rest-api/api/v1/register HTTP/1.1" 409 305
0:0:0:0:0:0:0:1 - - [12/May/2024:11:33:23 +0200] "POST /rest-api/api/v1/register HTTP/1.1" 201 317
0:0:0:0:0:0:0:1 - - [12/May/2024:11:33:25 +0200] "POST /rest-api/api/v1/register HTTP/1.1" 409 305
0:0:0:0:0:0:0:1 - - [12/May/2024:11:46:37 +0200] "POST /rest-api/api/v1/client/orders HTTP/1.1" 401 54
0:0:0:0:0:0:0:1 - - [12/May/2024:11:52:12 +0200] "POST /rest-api/api/v1/client/orders HTTP/1.1" 401 54
0:0:0:0:0:0:0:1 - - [12/May/2024:11:52:13 +0200] "POST /rest-api/api/v1/client/orders HTTP/1.1" 401 54
0:0:0:0:0:0:0:1 - - [12/May/2024:11:52:22 +0200] "POST /rest-api/api/v1/register HTTP/1.1" 201 317
0:0:0:0:0:0:0:1 - - [12/May/2024:11:52:33 +0200] "DELETE /rest-api/api/v1/system/admin/users/gersi HTTP/1.1" 500 13
0:0:0:0:0:0:0:1 - - [12/May/2024:11:52:35 +0200] "DELETE /rest-api/api/v1/system/admin/users/gersi HTTP/1.1" 500 13
0:0:0:0:0:0:0:1 - - [12/May/2024:11:52:36 +0200] "DELETE /rest-api/api/v1/system/admin/users/gersi HTTP/1.1" 500 13
0:0:0:0:0:0:0:1 - - [12/May/2024:11:56:32 +0200] "DELETE /rest-api/api/v1/system/admin/users/gersi HTTP/1.1" 500 5136
0:0:0:0:0:0:0:1 - - [12/May/2024:11:56:38 +0200] "POST /rest-api/api/v1/register HTTP/1.1" 201 317
0:0:0:0:0:0:0:1 - - [12/May/2024:11:56:46 +0200] "DELETE /rest-api/api/v1/system/admin/users/gersi HTTP/1.1" 500 13
0:0:0:0:0:0:0:1 - - [12/May/2024:11:56:47 +0200] "DELETE /rest-api/api/v1/system/admin/users/gersi HTTP/1.1" 500 13
0:0:0:0:0:0:0:1 - - [12/May/2024:11:57:20 +0200] "DELETE /rest-api/api/v1/system/admin/users/gersi HTTP/1.1" 500 5136
0:0:0:0:0:0:0:1 - - [12/May/2024:11:57:29 +0200] "POST /rest-api/api/v1/login HTTP/1.1" 201 314
0:0:0:0:0:0:0:1 - - [12/May/2024:11:57:51 +0200] "DELETE /rest-api/api/v1/system/admin/users/gersi HTTP/1.1" 500 13
0:0:0:0:0:0:0:1 - - [12/May/2024:11:57:52 +0200] "DELETE /rest-api/api/v1/system/admin/users/gersi HTTP/1.1" 500 13
0:0:0:0:0:0:0:1 - - [12/May/2024:12:08:49 +0200] "POST /rest-api/api/v1/register HTTP/1.1" 201 317
0:0:0:0:0:0:0:1 - - [12/May/2024:12:09:03 +0200] "DELETE /rest-api/api/v1/system/admin/users/gersi HTTP/1.1" 403 202
0:0:0:0:0:0:0:1 - - [12/May/2024:12:12:58 +0200] "DELETE /rest-api/api/v1/system/admin/users/gersi HTTP/1.1" 500 5136
0:0:0:0:0:0:0:1 - - [12/May/2024:12:13:07 +0200] "DELETE /rest-api/api/v1/system/admin/users/gersi HTTP/1.1" 500 5136
0:0:0:0:0:0:0:1 - - [12/May/2024:12:13:07 +0200] "DELETE /rest-api/api/v1/system/admin/users/gersi HTTP/1.1" 500 5136
0:0:0:0:0:0:0:1 - - [12/May/2024:12:13:44 +0200] "DELETE /rest-api/api/v1/system/admin/users/gersi HTTP/1.1" 500 5136
0:0:0:0:0:0:0:1 - - [12/May/2024:12:14:50 +0200] "DELETE /rest-api/api/v1/system/admin/users/gersi HTTP/1.1" 500 5136
0:0:0:0:0:0:0:1 - - [12/May/2024:12:14:57 +0200] "POST /rest-api/api/v1/register HTTP/1.1" 201 317
0:0:0:0:0:0:0:1 - - [12/May/2024:12:16:07 +0200] "GET /rest-api/api/v1/demo HTTP/1.1" 401 54
0:0:0:0:0:0:0:1 - - [12/May/2024:12:16:17 +0200] "POST /rest-api/api/v1/login HTTP/1.1" 201 312
0:0:0:0:0:0:0:1 - - [12/May/2024:12:16:31 +0200] "POST /rest-api/api/v1/login HTTP/1.1" 500 14
0:0:0:0:0:0:0:1 - - [12/May/2024:12:16:33 +0200] "POST /rest-api/api/v1/login HTTP/1.1" 500 14
0:0:0:0:0:0:0:1 - - [12/May/2024:12:27:40 +0200] "POST /rest-api/api/v1/login HTTP/1.1" 500 14
0:0:0:0:0:0:0:1 - - [12/May/2024:12:27:41 +0200] "POST /rest-api/api/v1/login HTTP/1.1" 500 14
0:0:0:0:0:0:0:1 - - [12/May/2024:12:27:59 +0200] "POST /rest-api/api/v1/login HTTP/1.1" 500 14
0:0:0:0:0:0:0:1 - - [12/May/2024:12:28:00 +0200] "POST /rest-api/api/v1/login HTTP/1.1" 500 14
0:0:0:0:0:0:0:1 - - [12/May/2024:12:28:01 +0200] "POST /rest-api/api/v1/login HTTP/1.1" 500 14
0:0:0:0:0:0:0:1 - - [12/May/2024:12:28:02 +0200] "POST /rest-api/api/v1/login HTTP/1.1" 500 14
0:0:0:0:0:0:0:1 - - [12/May/2024:12:28:03 +0200] "POST /rest-api/api/v1/login HTTP/1.1" 500 14
0:0:0:0:0:0:0:1 - - [12/May/2024:12:28:04 +0200] "POST /rest-api/api/v1/login HTTP/1.1" 500 14
0:0:0:0:0:0:0:1 - - [12/May/2024:12:28:55 +0200] "POST /rest-api/api/v1/login HTTP/1.1" 500 14
0:0:0:0:0:0:0:1 - - [12/May/2024:12:28:56 +0200] "POST /rest-api/api/v1/login HTTP/1.1" 500 14
0:0:0:0:0:0:0:1 - - [12/May/2024:12:28:57 +0200] "POST /rest-api/api/v1/login HTTP/1.1" 500 14
0:0:0:0:0:0:0:1 - - [12/May/2024:12:28:58 +0200] "POST /rest-api/api/v1/login HTTP/1.1" 500 14
0:0:0:0:0:0:0:1 - - [12/May/2024:12:28:59 +0200] "POST /rest-api/api/v1/login HTTP/1.1" 500 14
0:0:0:0:0:0:0:1 - - [12/May/2024:12:28:59 +0200] "POST /rest-api/api/v1/login HTTP/1.1" 500 14
0:0:0:0:0:0:0:1 - - [12/May/2024:12:29:00 +0200] "POST /rest-api/api/v1/login HTTP/1.1" 500 14
0:0:0:0:0:0:0:1 - - [12/May/2024:12:31:51 +0200] "POST /rest-api/api/v1/login HTTP/1.1" 500 14
0:0:0:0:0:0:0:1 - - [12/May/2024:12:50:09 +0200] "POST /rest-api/api/v1/login HTTP/1.1" 500 14
0:0:0:0:0:0:0:1 - - [12/May/2024:12:54:18 +0200] "POST /rest-api/api/v1/login HTTP/1.1" 500 14
0:0:0:0:0:0:0:1 - - [12/May/2024:12:54:20 +0200] "POST /rest-api/api/v1/login HTTP/1.1" 500 14
0:0:0:0:0:0:0:1 - - [12/May/2024:17:54:31 +0200] "GET /rest-api/api/v1/demo HTTP/1.1" 500 5669
0:0:0:0:0:0:0:1 - - [12/May/2024:17:54:33 +0200] "GET /rest-api/api/v1/demo HTTP/1.1" 500 5669
0:0:0:0:0:0:0:1 - - [12/May/2024:17:54:35 +0200] "GET /rest-api/api/v1/demo HTTP/1.1" 500 5669
0:0:0:0:0:0:0:1 - - [12/May/2024:17:55:00 +0200] "POST /rest-api/api/v1/login HTTP/1.1" 500 14
0:0:0:0:0:0:0:1 - - [12/May/2024:17:55:06 +0200] "POST /rest-api/api/v1/logout HTTP/1.1" 200 -
0:0:0:0:0:0:0:1 - - [12/May/2024:17:55:11 +0200] "PATCH /rest-api/api/v1/users HTTP/1.1" 500 5136
0:0:0:0:0:0:0:1 - - [12/May/2024:17:55:35 +0200] "POST /rest-api/api/v1/register HTTP/1.1" 201 317
0:0:0:0:0:0:0:1 - - [12/May/2024:17:55:40 +0200] "POST /rest-api/api/v1/login HTTP/1.1" 201 312
0:0:0:0:0:0:0:1 - - [12/May/2024:17:55:50 +0200] "POST /rest-api/api/v1/client/orders HTTP/1.1" 401 54
0:0:0:0:0:0:0:1 - - [12/May/2024:17:55:56 +0200] "PUT /rest-api/api/v1/client/orders/1 HTTP/1.1" 500 5669
0:0:0:0:0:0:0:1 - - [12/May/2024:17:56:00 +0200] "POST /rest-api/api/v1/client/orders HTTP/1.1" 201 161
0:0:0:0:0:0:0:1 - - [12/May/2024:17:56:06 +0200] "PUT /rest-api/api/v1/client/orders/1/cancel HTTP/1.1" 409 366
0:0:0:0:0:0:0:1 - - [12/May/2024:17:56:39 +0200] "GET /rest-api/api/v1/system/admin/users HTTP/1.1" 403 196
