0:0:0:0:0:0:0:1 - - [09/May/2024:22:19:28 +0200] "GET /api/v1/demo-controller HTTP/1.1" 404 683
0:0:0:0:0:0:0:1 - - [09/May/2024:22:21:43 +0200] "POST /api/v1/auth/authenticate HTTP/1.1" 404 683
0:0:0:0:0:0:0:1 - - [09/May/2024:22:23:23 +0200] "GET /api/v1/auth/register HTTP/1.1" 404 683
0:0:0:0:0:0:0:1 - - [09/May/2024:22:24:33 +0200] "GET /api/v1/auth/register HTTP/1.1" 404 683
0:0:0:0:0:0:0:1 - - [09/May/2024:22:24:35 +0200] "GET /api/v1/auth/register HTTP/1.1" 404 683
0:0:0:0:0:0:0:1 - - [09/May/2024:22:24:39 +0200] "GET /api/v1/auth/register HTTP/1.1" 404 683
0:0:0:0:0:0:0:1 - - [09/May/2024:22:30:07 +0200] "GET /api/v1/auth/register HTTP/1.1" 404 683
0:0:0:0:0:0:0:1 - - [09/May/2024:22:30:57 +0200] "GET /api/v1/auth/register HTTP/1.1" 404 683
0:0:0:0:0:0:0:1 - - [09/May/2024:22:31:05 +0200] "GET /api/v1/auth/register HTTP/1.1" 404 683
0:0:0:0:0:0:0:1 - - [09/May/2024:22:31:06 +0200] "GET /api/v1/auth/register HTTP/1.1" 404 683
0:0:0:0:0:0:0:1 - - [09/May/2024:22:31:06 +0200] "GET /api/v1/auth/register HTTP/1.1" 404 683
0:0:0:0:0:0:0:1 - - [09/May/2024:22:33:06 +0200] "GET /api/v1/auth/register HTTP/1.1" 404 683
0:0:0:0:0:0:0:1 - - [09/May/2024:22:34:55 +0200] "GET /api/v1/auth/register HTTP/1.1" 404 683
0:0:0:0:0:0:0:1 - - [09/May/2024:22:34:56 +0200] "GET /api/v1/auth/register HTTP/1.1" 404 683
0:0:0:0:0:0:0:1 - - [09/May/2024:22:35:55 +0200] "GET /api/v1/auth/register HTTP/1.1" 404 683
0:0:0:0:0:0:0:1 - - [09/May/2024:22:35:57 +0200] "GET /api/v1/auth/register HTTP/1.1" 404 683
0:0:0:0:0:0:0:1 - - [09/May/2024:22:35:57 +0200] "GET /api/v1/auth/register HTTP/1.1" 404 683
0:0:0:0:0:0:0:1 - - [09/May/2024:22:36:36 +0200] "GET /api/v1/auth/register HTTP/1.1" 404 683
0:0:0:0:0:0:0:1 - - [09/May/2024:22:36:37 +0200] "GET /api/v1/auth/register HTTP/1.1" 404 683
0:0:0:0:0:0:0:1 - - [09/May/2024:22:38:18 +0200] "POST /api/v1/auth/register HTTP/1.1" 404 683
0:0:0:0:0:0:0:1 - - [09/May/2024:22:38:23 +0200] "POST /api/v1/auth/register HTTP/1.1" 404 683
0:0:0:0:0:0:0:1 - - [09/May/2024:22:39:17 +0200] "POST /api/v1/auth/register HTTP/1.1" 404 683
0:0:0:0:0:0:0:1 - - [09/May/2024:22:40:25 +0200] "POST /api/v1/auth/register HTTP/1.1" 404 683
0:0:0:0:0:0:0:1 - - [09/May/2024:22:40:26 +0200] "POST /api/v1/auth/register HTTP/1.1" 404 683
0:0:0:0:0:0:0:1 - - [09/May/2024:22:40:27 +0200] "POST /api/v1/auth/register HTTP/1.1" 404 683
0:0:0:0:0:0:0:1 - - [09/May/2024:22:40:27 +0200] "POST /api/v1/auth/register HTTP/1.1" 404 683
0:0:0:0:0:0:0:1 - - [09/May/2024:22:40:28 +0200] "POST /api/v1/auth/register HTTP/1.1" 404 683
0:0:0:0:0:0:0:1 - - [09/May/2024:22:40:28 +0200] "POST /api/v1/auth/register HTTP/1.1" 404 683
0:0:0:0:0:0:0:1 - - [09/May/2024:22:40:32 +0200] "POST /api/v1/auth/authenticate HTTP/1.1" 404 683
0:0:0:0:0:0:0:1 - - [09/May/2024:22:40:34 +0200] "POST /api/v1/auth/register HTTP/1.1" 404 683
0:0:0:0:0:0:0:1 - - [09/May/2024:22:41:07 +0200] "POST /api/v1/auth/register HTTP/1.1" 404 683
127.0.0.1 - - [09/May/2024:22:41:38 +0200] "GET /rest-api HTTP/1.1" 302 -
127.0.0.1 - - [09/May/2024:22:41:38 +0200] "GET /rest-api/ HTTP/1.1" 500 7747
127.0.0.1 - - [09/May/2024:22:41:38 +0200] "GET /favicon.ico HTTP/1.1" 404 683
0:0:0:0:0:0:0:1 - - [09/May/2024:22:50:31 +0200] "POST /api/v1/auth/register HTTP/1.1" 404 683
0:0:0:0:0:0:0:1 - - [09/May/2024:22:50:32 +0200] "POST /api/v1/auth/register HTTP/1.1" 404 683
0:0:0:0:0:0:0:1 - - [09/May/2024:22:51:21 +0200] "POST /rest-api HTTP/1.1" 302 -
0:0:0:0:0:0:0:1 - - [09/May/2024:22:51:21 +0200] "GET /rest-api/ HTTP/1.1" 403 -
0:0:0:0:0:0:0:1 - - [09/May/2024:22:51:23 +0200] "POST /rest-api HTTP/1.1" 302 -
0:0:0:0:0:0:0:1 - - [09/May/2024:22:51:23 +0200] "GET /rest-api/ HTTP/1.1" 403 -
0:0:0:0:0:0:0:1 - - [09/May/2024:22:51:28 +0200] "GET /rest-api HTTP/1.1" 302 -
0:0:0:0:0:0:0:1 - - [09/May/2024:22:51:28 +0200] "GET /rest-api/ HTTP/1.1" 403 -
0:0:0:0:0:0:0:1 - - [09/May/2024:22:51:33 +0200] "POST /rest-api HTTP/1.1" 302 -
0:0:0:0:0:0:0:1 - - [09/May/2024:22:51:33 +0200] "GET /rest-api/ HTTP/1.1" 403 -
0:0:0:0:0:0:0:1 - - [09/May/2024:22:51:37 +0200] "POST /api/v1/auth/register HTTP/1.1" 404 683
0:0:0:0:0:0:0:1 - - [09/May/2024:22:54:52 +0200] "POST /api/v1/auth/register HTTP/1.1" 404 683
0:0:0:0:0:0:0:1 - - [09/May/2024:22:55:51 +0200] "POST /api/v1/auth/register HTTP/1.1" 404 683
0:0:0:0:0:0:0:1 - - [09/May/2024:22:55:52 +0200] "POST /api/v1/auth/register HTTP/1.1" 404 683
0:0:0:0:0:0:0:1 - - [09/May/2024:22:55:53 +0200] "POST /api/v1/auth/register HTTP/1.1" 404 683
0:0:0:0:0:0:0:1 - - [09/May/2024:22:57:41 +0200] "POST /api/v1/auth/register HTTP/1.1" 404 683
0:0:0:0:0:0:0:1 - - [09/May/2024:22:59:48 +0200] "POST /api/v1/auth/register HTTP/1.1" 404 683
0:0:0:0:0:0:0:1 - - [09/May/2024:22:59:49 +0200] "POST /api/v1/auth/register HTTP/1.1" 404 683
0:0:0:0:0:0:0:1 - - [09/May/2024:22:59:50 +0200] "POST /api/v1/auth/register HTTP/1.1" 404 683
0:0:0:0:0:0:0:1 - - [09/May/2024:23:00:06 +0200] "POST /api/v1/auth/register HTTP/1.1" 404 683
0:0:0:0:0:0:0:1 - - [09/May/2024:23:01:50 +0200] "POST /api/v1/auth/register HTTP/1.1" 404 683
0:0:0:0:0:0:0:1 - - [09/May/2024:23:01:52 +0200] "POST /api/v1/auth/register HTTP/1.1" 404 683
0:0:0:0:0:0:0:1 - - [09/May/2024:23:01:53 +0200] "POST /api/v1/auth/register HTTP/1.1" 404 683
0:0:0:0:0:0:0:1 - - [09/May/2024:23:01:54 +0200] "POST /api/v1/auth/register HTTP/1.1" 404 683
0:0:0:0:0:0:0:1 - - [09/May/2024:23:01:55 +0200] "POST /api/v1/auth/register HTTP/1.1" 404 683
0:0:0:0:0:0:0:1 - - [09/May/2024:23:05:36 +0200] "POST /api/v1/auth/register HTTP/1.1" 404 683
0:0:0:0:0:0:0:1 - - [09/May/2024:23:05:37 +0200] "POST /api/v1/auth/register HTTP/1.1" 404 683
0:0:0:0:0:0:0:1 - - [09/May/2024:23:05:38 +0200] "POST /api/v1/auth/register HTTP/1.1" 404 683
0:0:0:0:0:0:0:1 - - [09/May/2024:23:05:38 +0200] "POST /api/v1/auth/register HTTP/1.1" 404 683
0:0:0:0:0:0:0:1 - - [09/May/2024:23:05:39 +0200] "POST /api/v1/auth/register HTTP/1.1" 404 683
0:0:0:0:0:0:0:1 - - [09/May/2024:23:09:11 +0200] "GET /api/v1/demo HTTP/1.1" 404 683
0:0:0:0:0:0:0:1 - - [09/May/2024:23:17:54 +0200] "GET /api/v1/demo HTTP/1.1" 404 683
0:0:0:0:0:0:0:1 - - [09/May/2024:23:20:43 +0200] "GET /rest-api/api/v1/demo HTTP/1.1" 200 20
0:0:0:0:0:0:0:1 - - [09/May/2024:23:26:03 +0200] "GET /rest-api/api/v1/demo HTTP/1.1" 403 -
0:0:0:0:0:0:0:1 - - [09/May/2024:23:26:11 +0200] "POST /api/v1/auth/register HTTP/1.1" 404 683
0:0:0:0:0:0:0:1 - - [09/May/2024:23:26:32 +0200] "POST /rest-api/api/v1/auth/register HTTP/1.1" 200 25
0:0:0:0:0:0:0:1 - - [09/May/2024:23:28:02 +0200] "POST /rest-api/api/v1/auth/register HTTP/1.1" 500 547
0:0:0:0:0:0:0:1 - - [09/May/2024:23:31:02 +0200] "POST /rest-api/api/v1/auth/register HTTP/1.1" 500 29
0:0:0:0:0:0:0:1 - - [09/May/2024:23:33:04 +0200] "POST /rest-api/api/v1/auth/register HTTP/1.1" 500 29
0:0:0:0:0:0:0:1 - - [09/May/2024:23:38:32 +0200] "POST /rest-api/api/v1/auth/register HTTP/1.1" 200 154
0:0:0:0:0:0:0:1 - - [09/May/2024:23:38:45 +0200] "POST /api/v1/auth/authenticate HTTP/1.1" 404 683
0:0:0:0:0:0:0:1 - - [09/May/2024:23:39:00 +0200] "POST /rest-api/api/v1/auth/authenticate HTTP/1.1" 500 15
0:0:0:0:0:0:0:1 - - [09/May/2024:23:41:58 +0200] "POST /rest-api/api/v1/auth/authenticate HTTP/1.1" 500 15
0:0:0:0:0:0:0:1 - - [09/May/2024:23:41:59 +0200] "POST /rest-api/api/v1/auth/authenticate HTTP/1.1" 500 15
0:0:0:0:0:0:0:1 - - [09/May/2024:23:42:00 +0200] "POST /rest-api/api/v1/auth/authenticate HTTP/1.1" 500 15
0:0:0:0:0:0:0:1 - - [09/May/2024:23:42:00 +0200] "POST /rest-api/api/v1/auth/authenticate HTTP/1.1" 500 15
0:0:0:0:0:0:0:1 - - [09/May/2024:23:42:01 +0200] "POST /rest-api/api/v1/auth/authenticate HTTP/1.1" 500 15
0:0:0:0:0:0:0:1 - - [09/May/2024:23:46:01 +0200] "POST /rest-api/api/v1/auth/register HTTP/1.1" 200 154
0:0:0:0:0:0:0:1 - - [09/May/2024:23:48:52 +0200] "POST /rest-api/api/v1/auth/authenticate HTTP/1.1" 500 15
0:0:0:0:0:0:0:1 - - [09/May/2024:23:48:55 +0200] "POST /rest-api/api/v1/auth/authenticate HTTP/1.1" 500 15
0:0:0:0:0:0:0:1 - - [09/May/2024:23:49:12 +0200] "POST /rest-api/api/v1/auth/authenticate HTTP/1.1" 500 15
0:0:0:0:0:0:0:1 - - [09/May/2024:23:49:13 +0200] "POST /rest-api/api/v1/auth/authenticate HTTP/1.1" 500 15
0:0:0:0:0:0:0:1 - - [09/May/2024:23:49:14 +0200] "POST /rest-api/api/v1/auth/authenticate HTTP/1.1" 500 15
0:0:0:0:0:0:0:1 - - [09/May/2024:23:52:03 +0200] "POST /rest-api/api/v1/auth/authenticate HTTP/1.1" 500 15
0:0:0:0:0:0:0:1 - - [09/May/2024:23:52:04 +0200] "POST /rest-api/api/v1/auth/authenticate HTTP/1.1" 500 15
0:0:0:0:0:0:0:1 - - [09/May/2024:23:52:09 +0200] "POST /rest-api/api/v1/auth/authenticate HTTP/1.1" 500 15
0:0:0:0:0:0:0:1 - - [09/May/2024:23:52:09 +0200] "POST /rest-api/api/v1/auth/authenticate HTTP/1.1" 500 15
