0:0:0:0:0:0:0:1 - - [10/May/2024:00:00:48 +0200] "POST /rest-api/api/v1/auth/register HTTP/1.1" 200 154
0:0:0:0:0:0:0:1 - - [10/May/2024:00:00:52 +0200] "POST /rest-api/api/v1/auth/authenticate HTTP/1.1" 500 15
0:0:0:0:0:0:0:1 - - [10/May/2024:00:00:57 +0200] "POST /rest-api/api/v1/auth/authenticate HTTP/1.1" 500 15
0:0:0:0:0:0:0:1 - - [10/May/2024:00:13:07 +0200] "POST /rest-api/api/v1/auth/register HTTP/1.1" 200 154
0:0:0:0:0:0:0:1 - - [10/May/2024:00:13:12 +0200] "POST /rest-api/api/v1/auth/authenticate HTTP/1.1" 500 15
0:0:0:0:0:0:0:1 - - [10/May/2024:00:17:58 +0200] "POST /rest-api/api/v1/auth/authenticate HTTP/1.1" 500 15
0:0:0:0:0:0:0:1 - - [10/May/2024:00:18:32 +0200] "POST /rest-api/api/v1/auth/register HTTP/1.1" 200 154
0:0:0:0:0:0:0:1 - - [10/May/2024:00:18:38 +0200] "POST /rest-api/api/v1/auth/authenticate HTTP/1.1" 500 15
0:0:0:0:0:0:0:1 - - [10/May/2024:00:31:58 +0200] "POST /rest-api/api/v1/auth/authenticate HTTP/1.1" 500 14
0:0:0:0:0:0:0:1 - - [10/May/2024:00:31:59 +0200] "POST /rest-api/api/v1/auth/authenticate HTTP/1.1" 500 14
0:0:0:0:0:0:0:1 - - [10/May/2024:00:32:03 +0200] "POST /rest-api/api/v1/auth/register HTTP/1.1" 200 154
0:0:0:0:0:0:0:1 - - [10/May/2024:00:32:06 +0200] "POST /rest-api/api/v1/auth/authenticate HTTP/1.1" 500 15
0:0:0:0:0:0:0:1 - - [10/May/2024:09:57:03 +0200] "POST /rest-api/api/v1/auth/register HTTP/1.1" 200 154
0:0:0:0:0:0:0:1 - - [10/May/2024:09:57:17 +0200] "POST /rest-api/api/v1/auth/authenticate HTTP/1.1" 500 41
0:0:0:0:0:0:0:1 - - [10/May/2024:09:57:27 +0200] "POST /rest-api/api/v1/auth/authenticate HTTP/1.1" 500 41
0:0:0:0:0:0:0:1 - - [10/May/2024:09:57:28 +0200] "POST /rest-api/api/v1/auth/authenticate HTTP/1.1" 500 41
0:0:0:0:0:0:0:1 - - [10/May/2024:10:00:55 +0200] "POST /rest-api/api/v1/auth/authenticate HTTP/1.1" 500 14
0:0:0:0:0:0:0:1 - - [10/May/2024:10:00:58 +0200] "POST /rest-api/api/v1/auth/register HTTP/1.1" 200 154
0:0:0:0:0:0:0:1 - - [10/May/2024:10:01:07 +0200] "POST /rest-api/api/v1/auth/authenticate HTTP/1.1" 200 154
0:0:0:0:0:0:0:1 - - [10/May/2024:10:01:13 +0200] "GET /rest-api/api/v1/demo HTTP/1.1" 403 -
0:0:0:0:0:0:0:1 - - [10/May/2024:10:01:14 +0200] "GET /rest-api/api/v1/demo HTTP/1.1" 403 -
0:0:0:0:0:0:0:1 - - [10/May/2024:10:01:19 +0200] "GET /rest-api/api/v1/demo HTTP/1.1" 403 -
0:0:0:0:0:0:0:1 - - [10/May/2024:10:01:36 +0200] "GET /rest-api/api/v1/demo HTTP/1.1" 403 -
0:0:0:0:0:0:0:1 - - [10/May/2024:10:02:04 +0200] "GET /rest-api/api/v1/demo HTTP/1.1" 403 -
0:0:0:0:0:0:0:1 - - [10/May/2024:10:02:32 +0200] "GET /rest-api/api/v1/demo HTTP/1.1" 403 -
0:0:0:0:0:0:0:1 - - [10/May/2024:10:02:33 +0200] "GET /rest-api/api/v1/demo HTTP/1.1" 403 -
0:0:0:0:0:0:0:1 - - [10/May/2024:10:04:50 +0200] "POST /rest-api/api/v1/auth/register HTTP/1.1" 200 154
0:0:0:0:0:0:0:1 - - [10/May/2024:10:04:58 +0200] "POST /rest-api/api/v1/auth/authenticate HTTP/1.1" 200 154
0:0:0:0:0:0:0:1 - - [10/May/2024:10:05:03 +0200] "GET /rest-api/api/v1/demo HTTP/1.1" 403 -
0:0:0:0:0:0:0:1 - - [10/May/2024:10:11:53 +0200] "POST /rest-api/api/v1/auth/register HTTP/1.1" 200 154
0:0:0:0:0:0:0:1 - - [10/May/2024:10:17:03 +0200] "POST /rest-api/api/v1/auth/register HTTP/1.1" 200 154
0:0:0:0:0:0:0:1 - - [10/May/2024:10:17:06 +0200] "POST /rest-api/api/v1/auth/authenticate HTTP/1.1" 200 154
0:0:0:0:0:0:0:1 - - [10/May/2024:10:17:27 +0200] "GET /rest-api/api/v1/demo HTTP/1.1" 200 20
0:0:0:0:0:0:0:1 - - [10/May/2024:10:33:47 +0200] "POST /rest-api/api/v1/auth/register HTTP/1.1" 404 162
0:0:0:0:0:0:0:1 - - [10/May/2024:10:34:12 +0200] "POST /rest-api/api/v1/register HTTP/1.1" 200 154
0:0:0:0:0:0:0:1 - - [10/May/2024:10:34:22 +0200] "POST /rest-api/api/v1/authenticate HTTP/1.1" 404 160
0:0:0:0:0:0:0:1 - - [10/May/2024:10:34:30 +0200] "POST /rest-api/api/v1/login HTTP/1.1" 200 154
0:0:0:0:0:0:0:1 - - [10/May/2024:10:34:36 +0200] "GET /rest-api/api/v1/demo HTTP/1.1" 200 20
0:0:0:0:0:0:0:1 - - [10/May/2024:10:35:10 +0200] "POST /rest-api/api/v1/logout HTTP/1.1" 200 -
0:0:0:0:0:0:0:1 - - [10/May/2024:11:14:07 +0200] "POST /rest-api/api/v1/register HTTP/1.1" 200 161
0:0:0:0:0:0:0:1 - - [10/May/2024:11:14:23 +0200] "POST /rest-api/api/v1/login HTTP/1.1" 200 161
0:0:0:0:0:0:0:1 - - [10/May/2024:11:14:33 +0200] "GET /rest-api/api/v1/demo HTTP/1.1" 200 20
0:0:0:0:0:0:0:1 - - [10/May/2024:11:29:21 +0200] "POST /rest-api/api/v1/register HTTP/1.1" 201 158
0:0:0:0:0:0:0:1 - - [10/May/2024:11:30:14 +0200] "POST /rest-api/api/v1/register HTTP/1.1" 201 317
0:0:0:0:0:0:0:1 - - [10/May/2024:11:33:39 +0200] "POST /rest-api/api/v1/register HTTP/1.1" 201 317
0:0:0:0:0:0:0:1 - - [10/May/2024:11:33:52 +0200] "POST /rest-api/api/v1/login HTTP/1.1" 200 309
0:0:0:0:0:0:0:1 - - [10/May/2024:11:33:59 +0200] "GET /rest-api/api/v1/demo HTTP/1.1" 200 20
0:0:0:0:0:0:0:1 - - [10/May/2024:11:34:03 +0200] "POST /rest-api/api/v1/logout HTTP/1.1" 200 -
0:0:0:0:0:0:0:1 - - [10/May/2024:12:16:18 +0200] "GET /rest-api/api/v1/admin HTTP/1.1" 404 146
0:0:0:0:0:0:0:1 - - [10/May/2024:12:18:17 +0200] "GET /rest-api/api/v1/admin HTTP/1.1" 404 146
0:0:0:0:0:0:0:1 - - [10/May/2024:12:18:18 +0200] "GET /rest-api/api/v1/admin HTTP/1.1" 404 146
0:0:0:0:0:0:0:1 - - [10/May/2024:12:18:19 +0200] "GET /rest-api/api/v1/admin HTTP/1.1" 404 146
0:0:0:0:0:0:0:1 - - [10/May/2024:12:18:19 +0200] "GET /rest-api/api/v1/admin HTTP/1.1" 404 146
0:0:0:0:0:0:0:1 - - [10/May/2024:12:18:25 +0200] "POST /rest-api/api/v1/admin HTTP/1.1" 404 146
0:0:0:0:0:0:0:1 - - [10/May/2024:12:20:51 +0200] "GET /rest-api/api/v1/admin HTTP/1.1" 404 146
0:0:0:0:0:0:0:1 - - [10/May/2024:12:20:52 +0200] "GET /rest-api/api/v1/admin HTTP/1.1" 404 146
0:0:0:0:0:0:0:1 - - [10/May/2024:12:20:53 +0200] "GET /rest-api/api/v1/admin HTTP/1.1" 404 146
0:0:0:0:0:0:0:1 - - [10/May/2024:12:32:18 +0200] "GET /rest-api/api/v1/management HTTP/1.1" 200 27
0:0:0:0:0:0:0:1 - - [10/May/2024:12:32:28 +0200] "GET /rest-api/api/v1/management HTTP/1.1" 200 27
0:0:0:0:0:0:0:1 - - [10/May/2024:12:32:29 +0200] "GET /rest-api/api/v1/management HTTP/1.1" 200 27
0:0:0:0:0:0:0:1 - - [10/May/2024:12:32:35 +0200] "GET /rest-api/api/v1/management HTTP/1.1" 200 27
0:0:0:0:0:0:0:1 - - [10/May/2024:12:33:40 +0200] "GET /rest-api/api/v1/admin HTTP/1.1" 404 146
0:0:0:0:0:0:0:1 - - [10/May/2024:12:34:31 +0200] "GET /rest-api/api/v1/admin HTTP/1.1" 200 22
0:0:0:0:0:0:0:1 - - [10/May/2024:14:12:19 +0200] "POST /rest-api/api/v1/register HTTP/1.1" 201 317
0:0:0:0:0:0:0:1 - - [10/May/2024:14:15:14 +0200] "POST /rest-api/api/v1/register HTTP/1.1" 201 317
0:0:0:0:0:0:0:1 - - [10/May/2024:14:19:30 +0200] "POST /rest-api/api/v1/register HTTP/1.1" 201 317
0:0:0:0:0:0:0:1 - - [10/May/2024:15:38:22 +0200] "POST /rest-api/api/v1/register HTTP/1.1" 201 317
0:0:0:0:0:0:0:1 - - [10/May/2024:15:38:40 +0200] "GET /rest-api/api/v1/client/orders HTTP/1.1" 405 161
0:0:0:0:0:0:0:1 - - [10/May/2024:15:38:59 +0200] "POST /rest-api/api/v1/client/orders HTTP/1.1" 201 156
0:0:0:0:0:0:0:1 - - [10/May/2024:16:05:24 +0200] "POST /rest-api/api/v1/register HTTP/1.1" 201 317
0:0:0:0:0:0:0:1 - - [10/May/2024:16:05:44 +0200] "POST /rest-api/api/v1/client/orders HTTP/1.1" 201 156
0:0:0:0:0:0:0:1 - - [10/May/2024:16:50:15 +0200] "POST /rest-api/api/v1/register HTTP/1.1" 201 317
0:0:0:0:0:0:0:1 - - [10/May/2024:16:50:33 +0200] "POST /rest-api/api/v1/client/orders HTTP/1.1" 201 156
